<?xml version="1.0" encoding="UTF-8"?>
<testsuite name="com.addcel.bill.pocket.BillPocket.BillPocketApplicationTests" time="0.01" tests="1" errors="1" skipped="0" failures="0">
  <properties>
[...]
</properties>
  <testcase name="contextLoads" classname="com.addcel.bill.pocket.BillPocket.BillPocketApplicationTests" time="0.01">
    <error message="javax/servlet/SessionCookieConfig" type="java.lang.NoClassDefFoundError">java.lang.NoClassDefFoundError: javax/servlet/SessionCookieConfig
	at org.springframework.boot.test.context.SpringBootContextLoader$WebConfigurer.addMockServletContext(SpringBootContextLoader.java:273)
	at org.springframework.boot.test.context.SpringBootContextLoader$WebConfigurer.configure(SpringBootContextLoader.java:266)
	at org.springframework.boot.test.context.SpringBootContextLoader.loadContext(SpringBootContextLoader.java:114)
	at org.springframework.test.context.cache.DefaultCacheAwareContextLoaderDelegate.loadContextInternal(DefaultCacheAwareContextLoaderDelegate.java:98)
	at org.springframework.test.context.cache.DefaultCacheAwareContextLoaderDelegate.loadContext(DefaultCacheAwareContextLoaderDelegate.java:116)
	at org.springframework.test.context.support.DefaultTestContext.getApplicationContext(DefaultTestContext.java:83)
	at org.springframework.test.context.web.ServletTestExecutionListener.setUpRequestContextIfNecessary(ServletTestExecutionListener.java:189)
	at org.springframework.test.context.web.ServletTestExecutionListener.prepareTestInstance(ServletTestExecutionListener.java:131)
	at org.springframework.test.context.TestContextManager.prepareTestInstance(TestContextManager.java:230)
	at org.springframework.test.context.junit4.SpringJUnit4ClassRunner.createTest(SpringJUnit4ClassRunner.java:228)
	at org.springframework.test.context.junit4.SpringJUnit4ClassRunner$1.runReflectiveCall(SpringJUnit4ClassRunner.java:287)
	at org.junit.internal.runners.model.ReflectiveCallable.run(ReflectiveCallable.java:12)
	at org.springframework.test.context.junit4.SpringJUnit4ClassRunner.methodBlock(SpringJUnit4ClassRunner.java:289)
	at org.springframework.test.context.junit4.SpringJUnit4ClassRunner.runChild(SpringJUnit4ClassRunner.java:247)
	at org.springframework.test.context.junit4.SpringJUnit4ClassRunner.runChild(SpringJUnit4ClassRunner.java:94)
	at org.junit.runners.ParentRunner$3.run(ParentRunner.java:290)
	at org.junit.runners.ParentRunner$1.schedule(ParentRunner.java:71)
	at org.junit.runners.ParentRunner.runChildren(ParentRunner.java:288)
	at org.junit.runners.ParentRunner.access$000(ParentRunner.java:58)
	at org.junit.runners.ParentRunner$2.evaluate(ParentRunner.java:268)
	at org.springframework.test.context.junit4.statements.RunBeforeTestClassCallbacks.evaluate(RunBeforeTestClassCallbacks.java:61)
	at org.springframework.test.context.junit4.statements.RunAfterTestClassCallbacks.evaluate(RunAfterTestClassCallbacks.java:70)
	at org.junit.runners.ParentRunner.run(ParentRunner.java:363)
	at org.springframework.test.context.junit4.SpringJUnit4ClassRunner.run(SpringJUnit4ClassRunner.java:191)
	at org.apache.maven.surefire.junit4.JUnit4Provider.execute(JUnit4Provider.java:283)
	at org.apache.maven.surefire.junit4.JUnit4Provider.executeWithRerun(JUnit4Provider.java:173)
	at org.apache.maven.surefire.junit4.JUnit4Provider.executeTestSet(JUnit4Provider.java:153)
	at org.apache.maven.surefire.junit4.JUnit4Provider.invoke(JUnit4Provider.java:128)
	at org.apache.maven.surefire.booter.ForkedBooter.invokeProviderInSameClassLoader(ForkedBooter.java:203)
	at org.apache.maven.surefire.booter.ForkedBooter.runSuitesInProcess(ForkedBooter.java:155)
	at org.apache.maven.surefire.booter.ForkedBooter.main(ForkedBooter.java:103)
Caused by: java.lang.ClassNotFoundException: javax.servlet.SessionCookieConfig
	at java.net.URLClassLoader.findClass(URLClassLoader.java:381)
	at java.lang.ClassLoader.loadClass(ClassLoader.java:424)
	at sun.misc.Launcher$AppClassLoader.loadClass(Launcher.java:349)
	at java.lang.ClassLoader.loadClass(ClassLoader.java:357)
	at org.springframework.boot.test.context.SpringBootContextLoader$WebConfigurer.addMockServletContext(SpringBootContextLoader.java:273)
	at org.springframework.boot.test.context.SpringBootContextLoader$WebConfigurer.configure(SpringBootContextLoader.java:266)
	at org.springframework.boot.test.context.SpringBootContextLoader.loadContext(SpringBootContextLoader.java:114)
	at org.springframework.test.context.cache.DefaultCacheAwareContextLoaderDelegate.loadContextInternal(DefaultCacheAwareContextLoaderDelegate.java:98)
	at org.springframework.test.context.cache.DefaultCacheAwareContextLoaderDelegate.loadContext(DefaultCacheAwareContextLoaderDelegate.java:116)
	at org.springframework.test.context.support.DefaultTestContext.getApplicationContext(DefaultTestContext.java:83)
	at org.springframework.test.context.web.ServletTestExecutionListener.setUpRequestContextIfNecessary(ServletTestExecutionListener.java:189)
	at org.springframework.test.context.web.ServletTestExecutionListener.prepareTestInstance(ServletTestExecutionListener.java:131)
	at org.springframework.test.context.TestContextManager.prepareTestInstance(TestContextManager.java:230)
	at org.springframework.test.context.junit4.SpringJUnit4ClassRunner.createTest(SpringJUnit4ClassRunner.java:228)
	at org.springframework.test.context.junit4.SpringJUnit4ClassRunner$1.runReflectiveCall(SpringJUnit4ClassRunner.java:287)
	at org.junit.internal.runners.model.ReflectiveCallable.run(ReflectiveCallable.java:12)
	at org.springframework.test.context.junit4.SpringJUnit4ClassRunner.methodBlock(SpringJUnit4ClassRunner.java:289)
	at org.springframework.test.context.junit4.SpringJUnit4ClassRunner.runChild(SpringJUnit4ClassRunner.java:247)
	at org.springframework.test.context.junit4.SpringJUnit4ClassRunner.runChild(SpringJUnit4ClassRunner.java:94)
	at org.junit.runners.ParentRunner$3.run(ParentRunner.java:290)
	at org.junit.runners.ParentRunner$1.schedule(ParentRunner.java:71)
	at org.junit.runners.ParentRunner.runChildren(ParentRunner.java:288)
	at org.junit.runners.ParentRunner.access$000(ParentRunner.java:58)
	at org.junit.runners.ParentRunner$2.evaluate(ParentRunner.java:268)
	at org.springframework.test.context.junit4.statements.RunBeforeTestClassCallbacks.evaluate(RunBeforeTestClassCallbacks.java:61)
	at org.springframework.test.context.junit4.statements.RunAfterTestClassCallbacks.evaluate(RunAfterTestClassCallbacks.java:70)
	at org.junit.runners.ParentRunner.run(ParentRunner.java:363)
	at org.springframework.test.context.junit4.SpringJUnit4ClassRunner.run(SpringJUnit4ClassRunner.java:191)
	at org.apache.maven.surefire.junit4.JUnit4Provider.execute(JUnit4Provider.java:283)
	at org.apache.maven.surefire.junit4.JUnit4Provider.executeWithRerun(JUnit4Provider.java:173)
	at org.apache.maven.surefire.junit4.JUnit4Provider.executeTestSet(JUnit4Provider.java:153)
	at org.apache.maven.surefire.junit4.JUnit4Provider.invoke(JUnit4Provider.java:128)
	at org.apache.maven.surefire.booter.ForkedBooter.invokeProviderInSameClassLoader(ForkedBooter.java:203)
	at org.apache.maven.surefire.booter.ForkedBooter.runSuitesInProcess(ForkedBooter.java:155)
	at org.apache.maven.surefire.booter.ForkedBooter.main(ForkedBooter.java:103)
</error>
    <system-out><![CDATA[12:35:12.671 [main] DEBUG org.springframework.test.context.junit4.SpringJUnit4ClassRunner - SpringJUnit4ClassRunner constructor called with [class com.addcel.bill.pocket.BillPocket.BillPocketApplicationTests]
12:35:12.687 [main] DEBUG org.springframework.test.context.BootstrapUtils - Instantiating CacheAwareContextLoaderDelegate from class [org.springframework.test.context.cache.DefaultCacheAwareContextLoaderDelegate]
12:35:12.703 [main] DEBUG org.springframework.test.context.BootstrapUtils - Instantiating BootstrapContext using constructor [public org.springframework.test.context.support.DefaultBootstrapContext(java.lang.Class,org.springframework.test.context.CacheAwareContextLoaderDelegate)]
12:35:12.726 [main] DEBUG org.springframework.test.context.BootstrapUtils - Instantiating TestContextBootstrapper for test class [com.addcel.bill.pocket.BillPocket.BillPocketApplicationTests] from class [org.springframework.boot.test.context.SpringBootTestContextBootstrapper]
12:35:12.748 [main] INFO org.springframework.boot.test.context.SpringBootTestContextBootstrapper - Neither @ContextConfiguration nor @ContextHierarchy found for test class [com.addcel.bill.pocket.BillPocket.BillPocketApplicationTests], using SpringBootContextLoader
12:35:12.753 [main] DEBUG org.springframework.test.context.support.AbstractContextLoader - Did not detect default resource location for test class [com.addcel.bill.pocket.BillPocket.BillPocketApplicationTests]: class path resource [com/addcel/bill/pocket/BillPocket/BillPocketApplicationTests-context.xml] does not exist
12:35:12.754 [main] DEBUG org.springframework.test.context.support.AbstractContextLoader - Did not detect default resource location for test class [com.addcel.bill.pocket.BillPocket.BillPocketApplicationTests]: class path resource [com/addcel/bill/pocket/BillPocket/BillPocketApplicationTestsContext.groovy] does not exist
12:35:12.754 [main] INFO org.springframework.test.context.support.AbstractContextLoader - Could not detect default resource locations for test class [com.addcel.bill.pocket.BillPocket.BillPocketApplicationTests]: no resource found for suffixes {-context.xml, Context.groovy}.
12:35:12.755 [main] INFO org.springframework.test.context.support.AnnotationConfigContextLoaderUtils - Could not detect default configuration classes for test class [com.addcel.bill.pocket.BillPocket.BillPocketApplicationTests]: BillPocketApplicationTests does not declare any static, non-private, non-final, nested classes annotated with @Configuration.
12:35:12.818 [main] DEBUG org.springframework.test.context.support.ActiveProfilesUtils - Could not find an 'annotation declaring class' for annotation type [org.springframework.test.context.ActiveProfiles] and class [com.addcel.bill.pocket.BillPocket.BillPocketApplicationTests]
12:35:12.834 [main] DEBUG org.springframework.core.env.StandardEnvironment - Adding PropertySource 'systemProperties' with lowest search precedence
12:35:12.836 [main] DEBUG org.springframework.core.env.StandardEnvironment - Adding PropertySource 'systemEnvironment' with lowest search precedence
12:35:12.837 [main] DEBUG org.springframework.core.env.StandardEnvironment - Initialized StandardEnvironment with PropertySources [MapPropertySource@1754638213 {name='systemProperties', properties={idea.version=2018.2.7, java.runtime.name=Java(TM) SE Runtime Environment, sun.boot.library.path=/Library/Java/JavaVirtualMachines/jdk1.8.0_181.jdk/Contents/Home/jre/lib, java.vm.version=25.181-b13, gopherProxySet=false, java.vm.vendor=Oracle Corporation, java.vendor.url=http://java.oracle.com/, path.separator=:, java.vm.name=Java HotSpot(TM) 64-Bit Server VM, file.encoding.pkg=sun.io, user.country=MX, sun.java.launcher=SUN_STANDARD, sun.os.patch.level=unknown, java.vm.specification.name=Java Virtual Machine Specification, user.dir=/Users/joshua/Documents/Trabajo/Addcel/Mexico/Codigo/Github/BillPocket2/BillPocket, java.runtime.version=1.8.0_181-b13, basedir=/Users/joshua/Documents/Trabajo/Addcel/Mexico/Codigo/Github/BillPocket2/BillPocket, java.awt.graphicsenv=sun.awt.CGraphicsEnvironment, java.endorsed.dirs=/Library/Java/JavaVirtualMachines/jdk1.8.0_181.jdk/Contents/Home/jre/lib/endorsed, os.arch=x86_64, surefire.real.class.path=/Users/joshua/Documents/Trabajo/Addcel/Mexico/Codigo/Github/BillPocket2/BillPocket/target/surefire/surefirebooter2071707496745006730.jar, java.io.tmpdir=/var/folders/4d/zcq0nd6j5gq4rhc9q2bn_qz00000gn/T/, line.separator=
, java.vm.specification.vendor=Oracle Corporation, os.name=Mac OS X, sun.jnu.encoding=UTF-8, java.library.path=/Users/joshua/Library/Java/Extensions:/Library/Java/Extensions:/Network/Library/Java/Extensions:/System/Library/Java/Extensions:/usr/lib/java:., surefire.test.class.path=/Users/joshua/Documents/Trabajo/Addcel/Mexico/Codigo/Github/BillPocket2/BillPocket/target/test-classes:/Users/joshua/Documents/Trabajo/Addcel/Mexico/Codigo/Github/BillPocket2/BillPocket/target/classes:/Users/joshua/.m2/repository/org/springframework/boot/spring-boot-starter-web/1.5.16.RELEASE/spring-boot-starter-web-1.5.16.RELEASE.jar:/Users/joshua/.m2/repository/org/springframework/boot/spring-boot-starter/1.5.16.RELEASE/spring-boot-starter-1.5.16.RELEASE.jar:/Users/joshua/.m2/repository/org/springframework/boot/spring-boot/1.5.16.RELEASE/spring-boot-1.5.16.RELEASE.jar:/Users/joshua/.m2/repository/org/springframework/boot/spring-boot-autoconfigure/1.5.16.RELEASE/spring-boot-autoconfigure-1.5.16.RELEASE.jar:/Users/joshua/.m2/repository/org/springframework/boot/spring-boot-starter-logging/1.5.16.RELEASE/spring-boot-starter-logging-1.5.16.RELEASE.jar:/Users/joshua/.m2/repository/ch/qos/logback/logback-classic/1.1.11/logback-classic-1.1.11.jar:/Users/joshua/.m2/repository/ch/qos/logback/logback-core/1.1.11/logback-core-1.1.11.jar:/Users/joshua/.m2/repository/org/slf4j/jcl-over-slf4j/1.7.25/jcl-over-slf4j-1.7.25.jar:/Users/joshua/.m2/repository/org/slf4j/jul-to-slf4j/1.7.25/jul-to-slf4j-1.7.25.jar:/Users/joshua/.m2/repository/org/slf4j/log4j-over-slf4j/1.7.25/log4j-over-slf4j-1.7.25.jar:/Users/joshua/.m2/repository/org/yaml/snakeyaml/1.17/snakeyaml-1.17.jar:/Users/joshua/.m2/repository/org/hibernate/hibernate-validator/5.3.6.Final/hibernate-validator-5.3.6.Final.jar:/Users/joshua/.m2/repository/javax/validation/validation-api/1.1.0.Final/validation-api-1.1.0.Final.jar:/Users/joshua/.m2/repository/org/jboss/logging/jboss-logging/3.3.2.Final/jboss-logging-3.3.2.Final.jar:/Users/joshua/.m2/repository/com/fasterxml/classmate/1.3.4/classmate-1.3.4.jar:/Users/joshua/.m2/repository/com/fasterxml/jackson/core/jackson-databind/2.8.11.2/jackson-databind-2.8.11.2.jar:/Users/joshua/.m2/repository/com/fasterxml/jackson/core/jackson-annotations/2.8.0/jackson-annotations-2.8.0.jar:/Users/joshua/.m2/repository/com/fasterxml/jackson/core/jackson-core/2.8.11/jackson-core-2.8.11.jar:/Users/joshua/.m2/repository/org/springframework/spring-web/4.3.19.RELEASE/spring-web-4.3.19.RELEASE.jar:/Users/joshua/.m2/repository/org/springframework/spring-aop/4.3.19.RELEASE/spring-aop-4.3.19.RELEASE.jar:/Users/joshua/.m2/repository/org/springframework/spring-beans/4.3.19.RELEASE/spring-beans-4.3.19.RELEASE.jar:/Users/joshua/.m2/repository/org/springframework/spring-context/4.3.19.RELEASE/spring-context-4.3.19.RELEASE.jar:/Users/joshua/.m2/repository/org/springframework/spring-webmvc/4.3.19.RELEASE/spring-webmvc-4.3.19.RELEASE.jar:/Users/joshua/.m2/repository/org/springframework/spring-expression/4.3.19.RELEASE/spring-expression-4.3.19.RELEASE.jar:/Users/joshua/.m2/repository/org/springframework/boot/spring-boot-starter-test/1.5.16.RELEASE/spring-boot-starter-test-1.5.16.RELEASE.jar:/Users/joshua/.m2/repository/org/springframework/boot/spring-boot-test/1.5.16.RELEASE/spring-boot-test-1.5.16.RELEASE.jar:/Users/joshua/.m2/repository/org/springframework/boot/spring-boot-test-autoconfigure/1.5.16.RELEASE/spring-boot-test-autoconfigure-1.5.16.RELEASE.jar:/Users/joshua/.m2/repository/com/jayway/jsonpath/json-path/2.2.0/json-path-2.2.0.jar:/Users/joshua/.m2/repository/net/minidev/json-smart/2.2.1/json-smart-2.2.1.jar:/Users/joshua/.m2/repository/net/minidev/accessors-smart/1.1/accessors-smart-1.1.jar:/Users/joshua/.m2/repository/org/ow2/asm/asm/5.0.3/asm-5.0.3.jar:/Users/joshua/.m2/repository/org/slf4j/slf4j-api/1.7.25/slf4j-api-1.7.25.jar:/Users/joshua/.m2/repository/junit/junit/4.12/junit-4.12.jar:/Users/joshua/.m2/repository/org/assertj/assertj-core/2.6.0/assertj-core-2.6.0.jar:/Users/joshua/.m2/repository/org/mockito/mockito-core/1.10.19/mockito-core-1.10.19.jar:/Users/joshua/.m2/repository/org/objenesis/objenesis/2.1/objenesis-2.1.jar:/Users/joshua/.m2/repository/org/hamcrest/hamcrest-core/1.3/hamcrest-core-1.3.jar:/Users/joshua/.m2/repository/org/hamcrest/hamcrest-library/1.3/hamcrest-library-1.3.jar:/Users/joshua/.m2/repository/org/skyscreamer/jsonassert/1.4.0/jsonassert-1.4.0.jar:/Users/joshua/.m2/repository/com/vaadin/external/google/android-json/0.0.20131108.vaadin1/android-json-0.0.20131108.vaadin1.jar:/Users/joshua/.m2/repository/org/springframework/spring-core/4.3.19.RELEASE/spring-core-4.3.19.RELEASE.jar:/Users/joshua/.m2/repository/org/springframework/spring-test/4.3.19.RELEASE/spring-test-4.3.19.RELEASE.jar:/Users/joshua/.m2/repository/mysql/mysql-connector-java/5.1.20/mysql-connector-java-5.1.20.jar:/Users/joshua/.m2/repository/org/apache/httpcomponents/httpclient/4.5.6/httpclient-4.5.6.jar:/Users/joshua/.m2/repository/org/apache/httpcomponents/httpcore/4.4.10/httpcore-4.4.10.jar:/Users/joshua/.m2/repository/commons-codec/commons-codec/1.10/commons-codec-1.10.jar:/Users/joshua/.m2/repository/org/springframework/boot/spring-boot-starter-thymeleaf/1.5.16.RELEASE/spring-boot-starter-thymeleaf-1.5.16.RELEASE.jar:/Users/joshua/.m2/repository/org/thymeleaf/thymeleaf-spring4/2.1.6.RELEASE/thymeleaf-spring4-2.1.6.RELEASE.jar:/Users/joshua/.m2/repository/org/thymeleaf/thymeleaf/2.1.6.RELEASE/thymeleaf-2.1.6.RELEASE.jar:/Users/joshua/.m2/repository/ognl/ognl/3.0.8/ognl-3.0.8.jar:/Users/joshua/.m2/repository/org/javassist/javassist/3.21.0-GA/javassist-3.21.0-GA.jar:/Users/joshua/.m2/repository/org/unbescape/unbescape/1.1.0.RELEASE/unbescape-1.1.0.RELEASE.jar:/Users/joshua/.m2/repository/nz/net/ultraq/thymeleaf/thymeleaf-layout-dialect/1.4.0/thymeleaf-layout-dialect-1.4.0.jar:/Users/joshua/.m2/repository/org/codehaus/groovy/groovy/2.4.15/groovy-2.4.15.jar:/Users/joshua/.m2/repository/com/google/code/gson/gson/2.8.5/gson-2.8.5.jar:/Users/joshua/.m2/repository/org/mybatis/spring/boot/mybatis-spring-boot-starter/1.3.2/mybatis-spring-boot-starter-1.3.2.jar:/Users/joshua/.m2/repository/org/springframework/boot/spring-boot-starter-jdbc/1.5.16.RELEASE/spring-boot-starter-jdbc-1.5.16.RELEASE.jar:/Users/joshua/.m2/repository/org/apache/tomcat/tomcat-jdbc/8.5.34/tomcat-jdbc-8.5.34.jar:/Users/joshua/.m2/repository/org/apache/tomcat/tomcat-juli/8.5.34/tomcat-juli-8.5.34.jar:/Users/joshua/.m2/repository/org/springframework/spring-jdbc/4.3.19.RELEASE/spring-jdbc-4.3.19.RELEASE.jar:/Users/joshua/.m2/repository/org/springframework/spring-tx/4.3.19.RELEASE/spring-tx-4.3.19.RELEASE.jar:/Users/joshua/.m2/repository/org/mybatis/spring/boot/mybatis-spring-boot-autoconfigure/1.3.2/mybatis-spring-boot-autoconfigure-1.3.2.jar:/Users/joshua/.m2/repository/org/mybatis/mybatis/3.4.6/mybatis-3.4.6.jar:/Users/joshua/.m2/repository/org/mybatis/mybatis-spring/1.3.2/mybatis-spring-1.3.2.jar:/Users/joshua/.m2/repository/javax/servlet/servlet-api/2.5/servlet-api-2.5.jar:, java.specification.name=Java Platform API Specification, java.class.version=52.0, sun.management.compiler=HotSpot 64-Bit Tiered Compilers, os.version=10.14.3, http.nonProxyHosts=local|*.local|169.254/16|*.169.254/16, user.home=/Users/joshua, user.timezone=America/Mexico_City, java.awt.printerjob=sun.lwawt.macosx.CPrinterJob, file.encoding=US-ASCII, java.specification.version=1.8, java.class.path=/Users/joshua/Documents/Trabajo/Addcel/Mexico/Codigo/Github/BillPocket2/BillPocket/target/test-classes:/Users/joshua/Documents/Trabajo/Addcel/Mexico/Codigo/Github/BillPocket2/BillPocket/target/classes:/Users/joshua/.m2/repository/org/springframework/boot/spring-boot-starter-web/1.5.16.RELEASE/spring-boot-starter-web-1.5.16.RELEASE.jar:/Users/joshua/.m2/repository/org/springframework/boot/spring-boot-starter/1.5.16.RELEASE/spring-boot-starter-1.5.16.RELEASE.jar:/Users/joshua/.m2/repository/org/springframework/boot/spring-boot/1.5.16.RELEASE/spring-boot-1.5.16.RELEASE.jar:/Users/joshua/.m2/repository/org/springframework/boot/spring-boot-autoconfigure/1.5.16.RELEASE/spring-boot-autoconfigure-1.5.16.RELEASE.jar:/Users/joshua/.m2/repository/org/springframework/boot/spring-boot-starter-logging/1.5.16.RELEASE/spring-boot-starter-logging-1.5.16.RELEASE.jar:/Users/joshua/.m2/repository/ch/qos/logback/logback-classic/1.1.11/logback-classic-1.1.11.jar:/Users/joshua/.m2/repository/ch/qos/logback/logback-core/1.1.11/logback-core-1.1.11.jar:/Users/joshua/.m2/repository/org/slf4j/jcl-over-slf4j/1.7.25/jcl-over-slf4j-1.7.25.jar:/Users/joshua/.m2/repository/org/slf4j/jul-to-slf4j/1.7.25/jul-to-slf4j-1.7.25.jar:/Users/joshua/.m2/repository/org/slf4j/log4j-over-slf4j/1.7.25/log4j-over-slf4j-1.7.25.jar:/Users/joshua/.m2/repository/org/yaml/snakeyaml/1.17/snakeyaml-1.17.jar:/Users/joshua/.m2/repository/org/hibernate/hibernate-validator/5.3.6.Final/hibernate-validator-5.3.6.Final.jar:/Users/joshua/.m2/repository/javax/validation/validation-api/1.1.0.Final/validation-api-1.1.0.Final.jar:/Users/joshua/.m2/repository/org/jboss/logging/jboss-logging/3.3.2.Final/jboss-logging-3.3.2.Final.jar:/Users/joshua/.m2/repository/com/fasterxml/classmate/1.3.4/classmate-1.3.4.jar:/Users/joshua/.m2/repository/com/fasterxml/jackson/core/jackson-databind/2.8.11.2/jackson-databind-2.8.11.2.jar:/Users/joshua/.m2/repository/com/fasterxml/jackson/core/jackson-annotations/2.8.0/jackson-annotations-2.8.0.jar:/Users/joshua/.m2/repository/com/fasterxml/jackson/core/jackson-core/2.8.11/jackson-core-2.8.11.jar:/Users/joshua/.m2/repository/org/springframework/spring-web/4.3.19.RELEASE/spring-web-4.3.19.RELEASE.jar:/Users/joshua/.m2/repository/org/springframework/spring-aop/4.3.19.RELEASE/spring-aop-4.3.19.RELEASE.jar:/Users/joshua/.m2/repository/org/springframework/spring-beans/4.3.19.RELEASE/spring-beans-4.3.19.RELEASE.jar:/Users/joshua/.m2/repository/org/springframework/spring-context/4.3.19.RELEASE/spring-context-4.3.19.RELEASE.jar:/Users/joshua/.m2/repository/org/springframework/spring-webmvc/4.3.19.RELEASE/spring-webmvc-4.3.19.RELEASE.jar:/Users/joshua/.m2/repository/org/springframework/spring-expression/4.3.19.RELEASE/spring-expression-4.3.19.RELEASE.jar:/Users/joshua/.m2/repository/org/springframework/boot/spring-boot-starter-test/1.5.16.RELEASE/spring-boot-starter-test-1.5.16.RELEASE.jar:/Users/joshua/.m2/repository/org/springframework/boot/spring-boot-test/1.5.16.RELEASE/spring-boot-test-1.5.16.RELEASE.jar:/Users/joshua/.m2/repository/org/springframework/boot/spring-boot-test-autoconfigure/1.5.16.RELEASE/spring-boot-test-autoconfigure-1.5.16.RELEASE.jar:/Users/joshua/.m2/repository/com/jayway/jsonpath/json-path/2.2.0/json-path-2.2.0.jar:/Users/joshua/.m2/repository/net/minidev/json-smart/2.2.1/json-smart-2.2.1.jar:/Users/joshua/.m2/repository/net/minidev/accessors-smart/1.1/accessors-smart-1.1.jar:/Users/joshua/.m2/repository/org/ow2/asm/asm/5.0.3/asm-5.0.3.jar:/Users/joshua/.m2/repository/org/slf4j/slf4j-api/1.7.25/slf4j-api-1.7.25.jar:/Users/joshua/.m2/repository/junit/junit/4.12/junit-4.12.jar:/Users/joshua/.m2/repository/org/assertj/assertj-core/2.6.0/assertj-core-2.6.0.jar:/Users/joshua/.m2/repository/org/mockito/mockito-core/1.10.19/mockito-core-1.10.19.jar:/Users/joshua/.m2/repository/org/objenesis/objenesis/2.1/objenesis-2.1.jar:/Users/joshua/.m2/repository/org/hamcrest/hamcrest-core/1.3/hamcrest-core-1.3.jar:/Users/joshua/.m2/repository/org/hamcrest/hamcrest-library/1.3/hamcrest-library-1.3.jar:/Users/joshua/.m2/repository/org/skyscreamer/jsonassert/1.4.0/jsonassert-1.4.0.jar:/Users/joshua/.m2/repository/com/vaadin/external/google/android-json/0.0.20131108.vaadin1/android-json-0.0.20131108.vaadin1.jar:/Users/joshua/.m2/repository/org/springframework/spring-core/4.3.19.RELEASE/spring-core-4.3.19.RELEASE.jar:/Users/joshua/.m2/repository/org/springframework/spring-test/4.3.19.RELEASE/spring-test-4.3.19.RELEASE.jar:/Users/joshua/.m2/repository/mysql/mysql-connector-java/5.1.20/mysql-connector-java-5.1.20.jar:/Users/joshua/.m2/repository/org/apache/httpcomponents/httpclient/4.5.6/httpclient-4.5.6.jar:/Users/joshua/.m2/repository/org/apache/httpcomponents/httpcore/4.4.10/httpcore-4.4.10.jar:/Users/joshua/.m2/repository/commons-codec/commons-codec/1.10/commons-codec-1.10.jar:/Users/joshua/.m2/repository/org/springframework/boot/spring-boot-starter-thymeleaf/1.5.16.RELEASE/spring-boot-starter-thymeleaf-1.5.16.RELEASE.jar:/Users/joshua/.m2/repository/org/thymeleaf/thymeleaf-spring4/2.1.6.RELEASE/thymeleaf-spring4-2.1.6.RELEASE.jar:/Users/joshua/.m2/repository/org/thymeleaf/thymeleaf/2.1.6.RELEASE/thymeleaf-2.1.6.RELEASE.jar:/Users/joshua/.m2/repository/ognl/ognl/3.0.8/ognl-3.0.8.jar:/Users/joshua/.m2/repository/org/javassist/javassist/3.21.0-GA/javassist-3.21.0-GA.jar:/Users/joshua/.m2/repository/org/unbescape/unbescape/1.1.0.RELEASE/unbescape-1.1.0.RELEASE.jar:/Users/joshua/.m2/repository/nz/net/ultraq/thymeleaf/thymeleaf-layout-dialect/1.4.0/thymeleaf-layout-dialect-1.4.0.jar:/Users/joshua/.m2/repository/org/codehaus/groovy/groovy/2.4.15/groovy-2.4.15.jar:/Users/joshua/.m2/repository/com/google/code/gson/gson/2.8.5/gson-2.8.5.jar:/Users/joshua/.m2/repository/org/mybatis/spring/boot/mybatis-spring-boot-starter/1.3.2/mybatis-spring-boot-starter-1.3.2.jar:/Users/joshua/.m2/repository/org/springframework/boot/spring-boot-starter-jdbc/1.5.16.RELEASE/spring-boot-starter-jdbc-1.5.16.RELEASE.jar:/Users/joshua/.m2/repository/org/apache/tomcat/tomcat-jdbc/8.5.34/tomcat-jdbc-8.5.34.jar:/Users/joshua/.m2/repository/org/apache/tomcat/tomcat-juli/8.5.34/tomcat-juli-8.5.34.jar:/Users/joshua/.m2/repository/org/springframework/spring-jdbc/4.3.19.RELEASE/spring-jdbc-4.3.19.RELEASE.jar:/Users/joshua/.m2/repository/org/springframework/spring-tx/4.3.19.RELEASE/spring-tx-4.3.19.RELEASE.jar:/Users/joshua/.m2/repository/org/mybatis/spring/boot/mybatis-spring-boot-autoconfigure/1.3.2/mybatis-spring-boot-autoconfigure-1.3.2.jar:/Users/joshua/.m2/repository/org/mybatis/mybatis/3.4.6/mybatis-3.4.6.jar:/Users/joshua/.m2/repository/org/mybatis/mybatis-spring/1.3.2/mybatis-spring-1.3.2.jar:/Users/joshua/.m2/repository/javax/servlet/servlet-api/2.5/servlet-api-2.5.jar:, user.name=joshua, java.vm.specification.version=1.8, sun.java.command=/Users/joshua/Documents/Trabajo/Addcel/Mexico/Codigo/Github/BillPocket2/BillPocket/target/surefire/surefirebooter2071707496745006730.jar /Users/joshua/Documents/Trabajo/Addcel/Mexico/Codigo/Github/BillPocket2/BillPocket/target/surefire/surefire1371472097699691244tmp /Users/joshua/Documents/Trabajo/Addcel/Mexico/Codigo/Github/BillPocket2/BillPocket/target/surefire/surefire_05838477041905587464tmp, java.home=/Library/Java/JavaVirtualMachines/jdk1.8.0_181.jdk/Contents/Home/jre, sun.arch.data.model=64, user.language=es, java.specification.vendor=Oracle Corporation, awt.toolkit=sun.lwawt.macosx.LWCToolkit, java.vm.info=mixed mode, java.version=1.8.0_181, java.ext.dirs=/Users/joshua/Library/Java/Extensions:/Library/Java/JavaVirtualMachines/jdk1.8.0_181.jdk/Contents/Home/jre/lib/ext:/Library/Java/Extensions:/Network/Library/Java/Extensions:/System/Library/Java/Extensions:/usr/lib/java, sun.boot.class.path=/Library/Java/JavaVirtualMachines/jdk1.8.0_181.jdk/Contents/Home/jre/lib/resources.jar:/Library/Java/JavaVirtualMachines/jdk1.8.0_181.jdk/Contents/Home/jre/lib/rt.jar:/Library/Java/JavaVirtualMachines/jdk1.8.0_181.jdk/Contents/Home/jre/lib/sunrsasign.jar:/Library/Java/JavaVirtualMachines/jdk1.8.0_181.jdk/Contents/Home/jre/lib/jsse.jar:/Library/Java/JavaVirtualMachines/jdk1.8.0_181.jdk/Contents/Home/jre/lib/jce.jar:/Library/Java/JavaVirtualMachines/jdk1.8.0_181.jdk/Contents/Home/jre/lib/charsets.jar:/Library/Java/JavaVirtualMachines/jdk1.8.0_181.jdk/Contents/Home/jre/lib/jfr.jar:/Library/Java/JavaVirtualMachines/jdk1.8.0_181.jdk/Contents/Home/jre/classes, java.vendor=Oracle Corporation, localRepository=/Users/joshua/.m2/repository, file.separator=/, java.vendor.url.bug=http://bugreport.sun.com/bugreport/, sun.io.unicode.encoding=UnicodeBig, sun.cpu.endian=little, socksNonProxyHosts=local|*.local|169.254/16|*.169.254/16, ftp.nonProxyHosts=local|*.local|169.254/16|*.169.254/16, sun.cpu.isalist=}}, SystemEnvironmentPropertySource@407858146 {name='systemEnvironment', properties={PATH=/Users/joshua/.sdkman/candidates/gradle/current/bin:/usr/local/bin:/usr/bin:/bin:/usr/sbin:/sbin:/Applications/VMware Fusion.app/Contents/Public, SDKMAN_VERSION=5.7.3+337, GRADLE_HOME=/Users/joshua/.sdkman/candidates/gradle/current, VERSIONER_PYTHON_VERSION=2.7, SDKMAN_DIR=/Users/joshua/.sdkman, LOGNAME=joshua, XPC_SERVICE_NAME=0, PWD=/Users/joshua/Documents/Trabajo/Addcel/Mexico/Codigo/Github/BillPocket2/BillPocket, _=/Library/Java/JavaVirtualMachines/jdk1.8.0_181.jdk/Contents/Home/jre/bin/java, SDKMAN_CANDIDATES_DIR=/Users/joshua/.sdkman/candidates, SHELL=/bin/bash, SDKMAN_CANDIDATES_API=https://api.sdkman.io/2, OLDPWD=/Users/joshua/Documents/Trabajo/Addcel/Mexico/Codigo/Github/BillPocket2/BillPocket, SDKMAN_PLATFORM=Darwin, VERSIONER_PYTHON_PREFER_32_BIT=no, USER=joshua, TMPDIR=/var/folders/4d/zcq0nd6j5gq4rhc9q2bn_qz00000gn/T/, SSH_AUTH_SOCK=/private/tmp/com.apple.launchd.KCds6bX4w3/Listeners, XPC_FLAGS=0x0, __CF_USER_TEXT_ENCODING=0x1F5:0x0:0x56, Apple_PubSub_Socket_Render=/private/tmp/com.apple.launchd.2nk4QblsC0/Render, LC_CTYPE=es_MX.UTF-8, JAVA_MAIN_CLASS_5814=org.apache.maven.surefire.booter.ForkedBooter, HOME=/Users/joshua, SHLVL=1, JAVA_MAIN_CLASS_5812=org.codehaus.classworlds.Launcher}}]
12:35:12.857 [main] DEBUG org.springframework.core.io.support.PathMatchingResourcePatternResolver - Resolved classpath location [com/addcel/bill/pocket/BillPocket/] to resources [URL [file:/Users/joshua/Documents/Trabajo/Addcel/Mexico/Codigo/Github/BillPocket2/BillPocket/target/test-classes/com/addcel/bill/pocket/BillPocket/], URL [file:/Users/joshua/Documents/Trabajo/Addcel/Mexico/Codigo/Github/BillPocket2/BillPocket/target/classes/com/addcel/bill/pocket/BillPocket/]]
12:35:12.857 [main] DEBUG org.springframework.core.io.support.PathMatchingResourcePatternResolver - Looking for matching resources in directory tree [/Users/joshua/Documents/Trabajo/Addcel/Mexico/Codigo/Github/BillPocket2/BillPocket/target/test-classes/com/addcel/bill/pocket/BillPocket]
12:35:12.858 [main] DEBUG org.springframework.core.io.support.PathMatchingResourcePatternResolver - Searching directory [/Users/joshua/Documents/Trabajo/Addcel/Mexico/Codigo/Github/BillPocket2/BillPocket/target/test-classes/com/addcel/bill/pocket/BillPocket] for files matching pattern [/Users/joshua/Documents/Trabajo/Addcel/Mexico/Codigo/Github/BillPocket2/BillPocket/target/test-classes/com/addcel/bill/pocket/BillPocket/*.class]
12:35:12.863 [main] DEBUG org.springframework.core.io.support.PathMatchingResourcePatternResolver - Looking for matching resources in directory tree [/Users/joshua/Documents/Trabajo/Addcel/Mexico/Codigo/Github/BillPocket2/BillPocket/target/classes/com/addcel/bill/pocket/BillPocket]
12:35:12.863 [main] DEBUG org.springframework.core.io.support.PathMatchingResourcePatternResolver - Searching directory [/Users/joshua/Documents/Trabajo/Addcel/Mexico/Codigo/Github/BillPocket2/BillPocket/target/classes/com/addcel/bill/pocket/BillPocket] for files matching pattern [/Users/joshua/Documents/Trabajo/Addcel/Mexico/Codigo/Github/BillPocket2/BillPocket/target/classes/com/addcel/bill/pocket/BillPocket/*.class]
12:35:12.865 [main] DEBUG org.springframework.core.io.support.PathMatchingResourcePatternResolver - Resolved location pattern [classpath*:com/addcel/bill/pocket/BillPocket/*.class] to resources [file [/Users/joshua/Documents/Trabajo/Addcel/Mexico/Codigo/Github/BillPocket2/BillPocket/target/test-classes/com/addcel/bill/pocket/BillPocket/BillPocketApplicationTests.class], file [/Users/joshua/Documents/Trabajo/Addcel/Mexico/Codigo/Github/BillPocket2/BillPocket/target/classes/com/addcel/bill/pocket/BillPocket/BillPocketApplication.class]]
12:35:13.015 [main] DEBUG org.springframework.context.annotation.ClassPathScanningCandidateComponentProvider - Identified candidate component class: file [/Users/joshua/Documents/Trabajo/Addcel/Mexico/Codigo/Github/BillPocket2/BillPocket/target/classes/com/addcel/bill/pocket/BillPocket/BillPocketApplication.class]
12:35:13.021 [main] INFO org.springframework.boot.test.context.SpringBootTestContextBootstrapper - Found @SpringBootConfiguration com.addcel.bill.pocket.BillPocket.BillPocketApplication for test class com.addcel.bill.pocket.BillPocket.BillPocketApplicationTests
12:35:13.030 [main] DEBUG org.springframework.boot.test.context.SpringBootTestContextBootstrapper - @TestExecutionListeners is not present for class [com.addcel.bill.pocket.BillPocket.BillPocketApplicationTests]: using defaults.
12:35:13.035 [main] INFO org.springframework.boot.test.context.SpringBootTestContextBootstrapper - Loaded default TestExecutionListener class names from location [META-INF/spring.factories]: [org.springframework.boot.test.mock.mockito.MockitoTestExecutionListener, org.springframework.boot.test.mock.mockito.ResetMocksTestExecutionListener, org.springframework.boot.test.autoconfigure.restdocs.RestDocsTestExecutionListener, org.springframework.boot.test.autoconfigure.web.client.MockRestServiceServerResetTestExecutionListener, org.springframework.boot.test.autoconfigure.web.servlet.MockMvcPrintOnlyOnFailureTestExecutionListener, org.springframework.boot.test.autoconfigure.web.servlet.WebDriverTestExecutionListener, org.springframework.test.context.web.ServletTestExecutionListener, org.springframework.test.context.support.DirtiesContextBeforeModesTestExecutionListener, org.springframework.test.context.support.DependencyInjectionTestExecutionListener, org.springframework.test.context.support.DirtiesContextTestExecutionListener, org.springframework.test.context.transaction.TransactionalTestExecutionListener, org.springframework.test.context.jdbc.SqlScriptsTestExecutionListener]
12:35:13.082 [main] INFO org.springframework.boot.test.context.SpringBootTestContextBootstrapper - Using TestExecutionListeners: [org.springframework.test.context.web.ServletTestExecutionListener@6a396c1e, org.springframework.test.context.support.DirtiesContextBeforeModesTestExecutionListener@6c3f5566, org.springframework.boot.test.mock.mockito.MockitoTestExecutionListener@12405818, org.springframework.boot.test.autoconfigure.SpringBootDependencyInjectionTestExecutionListener@314c508a, org.springframework.test.context.support.DirtiesContextTestExecutionListener@10b48321, org.springframework.test.context.transaction.TransactionalTestExecutionListener@6b67034, org.springframework.test.context.jdbc.SqlScriptsTestExecutionListener@16267862, org.springframework.boot.test.mock.mockito.ResetMocksTestExecutionListener@453da22c, org.springframework.boot.test.autoconfigure.restdocs.RestDocsTestExecutionListener@71248c21, org.springframework.boot.test.autoconfigure.web.client.MockRestServiceServerResetTestExecutionListener@442675e1, org.springframework.boot.test.autoconfigure.web.servlet.MockMvcPrintOnlyOnFailureTestExecutionListener@6166e06f, org.springframework.boot.test.autoconfigure.web.servlet.WebDriverTestExecutionListener@49e202ad]
12:35:13.086 [main] DEBUG org.springframework.test.annotation.ProfileValueUtils - Retrieved @ProfileValueSourceConfiguration [null] for test class [com.addcel.bill.pocket.BillPocket.BillPocketApplicationTests]
12:35:13.087 [main] DEBUG org.springframework.test.annotation.ProfileValueUtils - Retrieved ProfileValueSource type [class org.springframework.test.annotation.SystemProfileValueSource] for class [com.addcel.bill.pocket.BillPocket.BillPocketApplicationTests]
12:35:13.091 [main] DEBUG org.springframework.test.context.junit4.SpringJUnit4ClassRunner - SpringJUnit4ClassRunner constructor called with [class com.addcel.bill.pocket.BillPocket.BillPocketApplicationTests]
12:35:13.091 [main] DEBUG org.springframework.test.context.BootstrapUtils - Instantiating CacheAwareContextLoaderDelegate from class [org.springframework.test.context.cache.DefaultCacheAwareContextLoaderDelegate]
12:35:13.091 [main] DEBUG org.springframework.test.context.BootstrapUtils - Instantiating BootstrapContext using constructor [public org.springframework.test.context.support.DefaultBootstrapContext(java.lang.Class,org.springframework.test.context.CacheAwareContextLoaderDelegate)]
12:35:13.092 [main] DEBUG org.springframework.test.context.BootstrapUtils - Instantiating TestContextBootstrapper for test class [com.addcel.bill.pocket.BillPocket.BillPocketApplicationTests] from class [org.springframework.boot.test.context.SpringBootTestContextBootstrapper]
12:35:13.093 [main] INFO org.springframework.boot.test.context.SpringBootTestContextBootstrapper - Neither @ContextConfiguration nor @ContextHierarchy found for test class [com.addcel.bill.pocket.BillPocket.BillPocketApplicationTests], using SpringBootContextLoader
12:35:13.094 [main] DEBUG org.springframework.test.context.support.AbstractContextLoader - Did not detect default resource location for test class [com.addcel.bill.pocket.BillPocket.BillPocketApplicationTests]: class path resource [com/addcel/bill/pocket/BillPocket/BillPocketApplicationTests-context.xml] does not exist
12:35:13.094 [main] DEBUG org.springframework.test.context.support.AbstractContextLoader - Did not detect default resource location for test class [com.addcel.bill.pocket.BillPocket.BillPocketApplicationTests]: class path resource [com/addcel/bill/pocket/BillPocket/BillPocketApplicationTestsContext.groovy] does not exist
12:35:13.095 [main] INFO org.springframework.test.context.support.AbstractContextLoader - Could not detect default resource locations for test class [com.addcel.bill.pocket.BillPocket.BillPocketApplicationTests]: no resource found for suffixes {-context.xml, Context.groovy}.
12:35:13.095 [main] INFO org.springframework.test.context.support.AnnotationConfigContextLoaderUtils - Could not detect default configuration classes for test class [com.addcel.bill.pocket.BillPocket.BillPocketApplicationTests]: BillPocketApplicationTests does not declare any static, non-private, non-final, nested classes annotated with @Configuration.
12:35:13.102 [main] DEBUG org.springframework.test.context.support.ActiveProfilesUtils - Could not find an 'annotation declaring class' for annotation type [org.springframework.test.context.ActiveProfiles] and class [com.addcel.bill.pocket.BillPocket.BillPocketApplicationTests]
12:35:13.102 [main] DEBUG org.springframework.core.env.StandardEnvironment - Adding PropertySource 'systemProperties' with lowest search precedence
12:35:13.102 [main] DEBUG org.springframework.core.env.StandardEnvironment - Adding PropertySource 'systemEnvironment' with lowest search precedence
12:35:13.103 [main] DEBUG org.springframework.core.env.StandardEnvironment - Initialized StandardEnvironment with PropertySources [MapPropertySource@192881625 {name='systemProperties', properties={idea.version=2018.2.7, java.runtime.name=Java(TM) SE Runtime Environment, sun.boot.library.path=/Library/Java/JavaVirtualMachines/jdk1.8.0_181.jdk/Contents/Home/jre/lib, java.vm.version=25.181-b13, gopherProxySet=false, java.vm.vendor=Oracle Corporation, java.vendor.url=http://java.oracle.com/, path.separator=:, java.vm.name=Java HotSpot(TM) 64-Bit Server VM, file.encoding.pkg=sun.io, user.country=MX, sun.java.launcher=SUN_STANDARD, sun.os.patch.level=unknown, java.vm.specification.name=Java Virtual Machine Specification, user.dir=/Users/joshua/Documents/Trabajo/Addcel/Mexico/Codigo/Github/BillPocket2/BillPocket, java.runtime.version=1.8.0_181-b13, basedir=/Users/joshua/Documents/Trabajo/Addcel/Mexico/Codigo/Github/BillPocket2/BillPocket, java.awt.graphicsenv=sun.awt.CGraphicsEnvironment, java.endorsed.dirs=/Library/Java/JavaVirtualMachines/jdk1.8.0_181.jdk/Contents/Home/jre/lib/endorsed, os.arch=x86_64, surefire.real.class.path=/Users/joshua/Documents/Trabajo/Addcel/Mexico/Codigo/Github/BillPocket2/BillPocket/target/surefire/surefirebooter2071707496745006730.jar, java.io.tmpdir=/var/folders/4d/zcq0nd6j5gq4rhc9q2bn_qz00000gn/T/, line.separator=
, java.vm.specification.vendor=Oracle Corporation, os.name=Mac OS X, sun.jnu.encoding=UTF-8, java.library.path=/Users/joshua/Library/Java/Extensions:/Library/Java/Extensions:/Network/Library/Java/Extensions:/System/Library/Java/Extensions:/usr/lib/java:., surefire.test.class.path=/Users/joshua/Documents/Trabajo/Addcel/Mexico/Codigo/Github/BillPocket2/BillPocket/target/test-classes:/Users/joshua/Documents/Trabajo/Addcel/Mexico/Codigo/Github/BillPocket2/BillPocket/target/classes:/Users/joshua/.m2/repository/org/springframework/boot/spring-boot-starter-web/1.5.16.RELEASE/spring-boot-starter-web-1.5.16.RELEASE.jar:/Users/joshua/.m2/repository/org/springframework/boot/spring-boot-starter/1.5.16.RELEASE/spring-boot-starter-1.5.16.RELEASE.jar:/Users/joshua/.m2/repository/org/springframework/boot/spring-boot/1.5.16.RELEASE/spring-boot-1.5.16.RELEASE.jar:/Users/joshua/.m2/repository/org/springframework/boot/spring-boot-autoconfigure/1.5.16.RELEASE/spring-boot-autoconfigure-1.5.16.RELEASE.jar:/Users/joshua/.m2/repository/org/springframework/boot/spring-boot-starter-logging/1.5.16.RELEASE/spring-boot-starter-logging-1.5.16.RELEASE.jar:/Users/joshua/.m2/repository/ch/qos/logback/logback-classic/1.1.11/logback-classic-1.1.11.jar:/Users/joshua/.m2/repository/ch/qos/logback/logback-core/1.1.11/logback-core-1.1.11.jar:/Users/joshua/.m2/repository/org/slf4j/jcl-over-slf4j/1.7.25/jcl-over-slf4j-1.7.25.jar:/Users/joshua/.m2/repository/org/slf4j/jul-to-slf4j/1.7.25/jul-to-slf4j-1.7.25.jar:/Users/joshua/.m2/repository/org/slf4j/log4j-over-slf4j/1.7.25/log4j-over-slf4j-1.7.25.jar:/Users/joshua/.m2/repository/org/yaml/snakeyaml/1.17/snakeyaml-1.17.jar:/Users/joshua/.m2/repository/org/hibernate/hibernate-validator/5.3.6.Final/hibernate-validator-5.3.6.Final.jar:/Users/joshua/.m2/repository/javax/validation/validation-api/1.1.0.Final/validation-api-1.1.0.Final.jar:/Users/joshua/.m2/repository/org/jboss/logging/jboss-logging/3.3.2.Final/jboss-logging-3.3.2.Final.jar:/Users/joshua/.m2/repository/com/fasterxml/classmate/1.3.4/classmate-1.3.4.jar:/Users/joshua/.m2/repository/com/fasterxml/jackson/core/jackson-databind/2.8.11.2/jackson-databind-2.8.11.2.jar:/Users/joshua/.m2/repository/com/fasterxml/jackson/core/jackson-annotations/2.8.0/jackson-annotations-2.8.0.jar:/Users/joshua/.m2/repository/com/fasterxml/jackson/core/jackson-core/2.8.11/jackson-core-2.8.11.jar:/Users/joshua/.m2/repository/org/springframework/spring-web/4.3.19.RELEASE/spring-web-4.3.19.RELEASE.jar:/Users/joshua/.m2/repository/org/springframework/spring-aop/4.3.19.RELEASE/spring-aop-4.3.19.RELEASE.jar:/Users/joshua/.m2/repository/org/springframework/spring-beans/4.3.19.RELEASE/spring-beans-4.3.19.RELEASE.jar:/Users/joshua/.m2/repository/org/springframework/spring-context/4.3.19.RELEASE/spring-context-4.3.19.RELEASE.jar:/Users/joshua/.m2/repository/org/springframework/spring-webmvc/4.3.19.RELEASE/spring-webmvc-4.3.19.RELEASE.jar:/Users/joshua/.m2/repository/org/springframework/spring-expression/4.3.19.RELEASE/spring-expression-4.3.19.RELEASE.jar:/Users/joshua/.m2/repository/org/springframework/boot/spring-boot-starter-test/1.5.16.RELEASE/spring-boot-starter-test-1.5.16.RELEASE.jar:/Users/joshua/.m2/repository/org/springframework/boot/spring-boot-test/1.5.16.RELEASE/spring-boot-test-1.5.16.RELEASE.jar:/Users/joshua/.m2/repository/org/springframework/boot/spring-boot-test-autoconfigure/1.5.16.RELEASE/spring-boot-test-autoconfigure-1.5.16.RELEASE.jar:/Users/joshua/.m2/repository/com/jayway/jsonpath/json-path/2.2.0/json-path-2.2.0.jar:/Users/joshua/.m2/repository/net/minidev/json-smart/2.2.1/json-smart-2.2.1.jar:/Users/joshua/.m2/repository/net/minidev/accessors-smart/1.1/accessors-smart-1.1.jar:/Users/joshua/.m2/repository/org/ow2/asm/asm/5.0.3/asm-5.0.3.jar:/Users/joshua/.m2/repository/org/slf4j/slf4j-api/1.7.25/slf4j-api-1.7.25.jar:/Users/joshua/.m2/repository/junit/junit/4.12/junit-4.12.jar:/Users/joshua/.m2/repository/org/assertj/assertj-core/2.6.0/assertj-core-2.6.0.jar:/Users/joshua/.m2/repository/org/mockito/mockito-core/1.10.19/mockito-core-1.10.19.jar:/Users/joshua/.m2/repository/org/objenesis/objenesis/2.1/objenesis-2.1.jar:/Users/joshua/.m2/repository/org/hamcrest/hamcrest-core/1.3/hamcrest-core-1.3.jar:/Users/joshua/.m2/repository/org/hamcrest/hamcrest-library/1.3/hamcrest-library-1.3.jar:/Users/joshua/.m2/repository/org/skyscreamer/jsonassert/1.4.0/jsonassert-1.4.0.jar:/Users/joshua/.m2/repository/com/vaadin/external/google/android-json/0.0.20131108.vaadin1/android-json-0.0.20131108.vaadin1.jar:/Users/joshua/.m2/repository/org/springframework/spring-core/4.3.19.RELEASE/spring-core-4.3.19.RELEASE.jar:/Users/joshua/.m2/repository/org/springframework/spring-test/4.3.19.RELEASE/spring-test-4.3.19.RELEASE.jar:/Users/joshua/.m2/repository/mysql/mysql-connector-java/5.1.20/mysql-connector-java-5.1.20.jar:/Users/joshua/.m2/repository/org/apache/httpcomponents/httpclient/4.5.6/httpclient-4.5.6.jar:/Users/joshua/.m2/repository/org/apache/httpcomponents/httpcore/4.4.10/httpcore-4.4.10.jar:/Users/joshua/.m2/repository/commons-codec/commons-codec/1.10/commons-codec-1.10.jar:/Users/joshua/.m2/repository/org/springframework/boot/spring-boot-starter-thymeleaf/1.5.16.RELEASE/spring-boot-starter-thymeleaf-1.5.16.RELEASE.jar:/Users/joshua/.m2/repository/org/thymeleaf/thymeleaf-spring4/2.1.6.RELEASE/thymeleaf-spring4-2.1.6.RELEASE.jar:/Users/joshua/.m2/repository/org/thymeleaf/thymeleaf/2.1.6.RELEASE/thymeleaf-2.1.6.RELEASE.jar:/Users/joshua/.m2/repository/ognl/ognl/3.0.8/ognl-3.0.8.jar:/Users/joshua/.m2/repository/org/javassist/javassist/3.21.0-GA/javassist-3.21.0-GA.jar:/Users/joshua/.m2/repository/org/unbescape/unbescape/1.1.0.RELEASE/unbescape-1.1.0.RELEASE.jar:/Users/joshua/.m2/repository/nz/net/ultraq/thymeleaf/thymeleaf-layout-dialect/1.4.0/thymeleaf-layout-dialect-1.4.0.jar:/Users/joshua/.m2/repository/org/codehaus/groovy/groovy/2.4.15/groovy-2.4.15.jar:/Users/joshua/.m2/repository/com/google/code/gson/gson/2.8.5/gson-2.8.5.jar:/Users/joshua/.m2/repository/org/mybatis/spring/boot/mybatis-spring-boot-starter/1.3.2/mybatis-spring-boot-starter-1.3.2.jar:/Users/joshua/.m2/repository/org/springframework/boot/spring-boot-starter-jdbc/1.5.16.RELEASE/spring-boot-starter-jdbc-1.5.16.RELEASE.jar:/Users/joshua/.m2/repository/org/apache/tomcat/tomcat-jdbc/8.5.34/tomcat-jdbc-8.5.34.jar:/Users/joshua/.m2/repository/org/apache/tomcat/tomcat-juli/8.5.34/tomcat-juli-8.5.34.jar:/Users/joshua/.m2/repository/org/springframework/spring-jdbc/4.3.19.RELEASE/spring-jdbc-4.3.19.RELEASE.jar:/Users/joshua/.m2/repository/org/springframework/spring-tx/4.3.19.RELEASE/spring-tx-4.3.19.RELEASE.jar:/Users/joshua/.m2/repository/org/mybatis/spring/boot/mybatis-spring-boot-autoconfigure/1.3.2/mybatis-spring-boot-autoconfigure-1.3.2.jar:/Users/joshua/.m2/repository/org/mybatis/mybatis/3.4.6/mybatis-3.4.6.jar:/Users/joshua/.m2/repository/org/mybatis/mybatis-spring/1.3.2/mybatis-spring-1.3.2.jar:/Users/joshua/.m2/repository/javax/servlet/servlet-api/2.5/servlet-api-2.5.jar:, java.specification.name=Java Platform API Specification, java.class.version=52.0, sun.management.compiler=HotSpot 64-Bit Tiered Compilers, os.version=10.14.3, http.nonProxyHosts=local|*.local|169.254/16|*.169.254/16, user.home=/Users/joshua, user.timezone=America/Mexico_City, java.awt.printerjob=sun.lwawt.macosx.CPrinterJob, file.encoding=US-ASCII, java.specification.version=1.8, java.class.path=/Users/joshua/Documents/Trabajo/Addcel/Mexico/Codigo/Github/BillPocket2/BillPocket/target/test-classes:/Users/joshua/Documents/Trabajo/Addcel/Mexico/Codigo/Github/BillPocket2/BillPocket/target/classes:/Users/joshua/.m2/repository/org/springframework/boot/spring-boot-starter-web/1.5.16.RELEASE/spring-boot-starter-web-1.5.16.RELEASE.jar:/Users/joshua/.m2/repository/org/springframework/boot/spring-boot-starter/1.5.16.RELEASE/spring-boot-starter-1.5.16.RELEASE.jar:/Users/joshua/.m2/repository/org/springframework/boot/spring-boot/1.5.16.RELEASE/spring-boot-1.5.16.RELEASE.jar:/Users/joshua/.m2/repository/org/springframework/boot/spring-boot-autoconfigure/1.5.16.RELEASE/spring-boot-autoconfigure-1.5.16.RELEASE.jar:/Users/joshua/.m2/repository/org/springframework/boot/spring-boot-starter-logging/1.5.16.RELEASE/spring-boot-starter-logging-1.5.16.RELEASE.jar:/Users/joshua/.m2/repository/ch/qos/logback/logback-classic/1.1.11/logback-classic-1.1.11.jar:/Users/joshua/.m2/repository/ch/qos/logback/logback-core/1.1.11/logback-core-1.1.11.jar:/Users/joshua/.m2/repository/org/slf4j/jcl-over-slf4j/1.7.25/jcl-over-slf4j-1.7.25.jar:/Users/joshua/.m2/repository/org/slf4j/jul-to-slf4j/1.7.25/jul-to-slf4j-1.7.25.jar:/Users/joshua/.m2/repository/org/slf4j/log4j-over-slf4j/1.7.25/log4j-over-slf4j-1.7.25.jar:/Users/joshua/.m2/repository/org/yaml/snakeyaml/1.17/snakeyaml-1.17.jar:/Users/joshua/.m2/repository/org/hibernate/hibernate-validator/5.3.6.Final/hibernate-validator-5.3.6.Final.jar:/Users/joshua/.m2/repository/javax/validation/validation-api/1.1.0.Final/validation-api-1.1.0.Final.jar:/Users/joshua/.m2/repository/org/jboss/logging/jboss-logging/3.3.2.Final/jboss-logging-3.3.2.Final.jar:/Users/joshua/.m2/repository/com/fasterxml/classmate/1.3.4/classmate-1.3.4.jar:/Users/joshua/.m2/repository/com/fasterxml/jackson/core/jackson-databind/2.8.11.2/jackson-databind-2.8.11.2.jar:/Users/joshua/.m2/repository/com/fasterxml/jackson/core/jackson-annotations/2.8.0/jackson-annotations-2.8.0.jar:/Users/joshua/.m2/repository/com/fasterxml/jackson/core/jackson-core/2.8.11/jackson-core-2.8.11.jar:/Users/joshua/.m2/repository/org/springframework/spring-web/4.3.19.RELEASE/spring-web-4.3.19.RELEASE.jar:/Users/joshua/.m2/repository/org/springframework/spring-aop/4.3.19.RELEASE/spring-aop-4.3.19.RELEASE.jar:/Users/joshua/.m2/repository/org/springframework/spring-beans/4.3.19.RELEASE/spring-beans-4.3.19.RELEASE.jar:/Users/joshua/.m2/repository/org/springframework/spring-context/4.3.19.RELEASE/spring-context-4.3.19.RELEASE.jar:/Users/joshua/.m2/repository/org/springframework/spring-webmvc/4.3.19.RELEASE/spring-webmvc-4.3.19.RELEASE.jar:/Users/joshua/.m2/repository/org/springframework/spring-expression/4.3.19.RELEASE/spring-expression-4.3.19.RELEASE.jar:/Users/joshua/.m2/repository/org/springframework/boot/spring-boot-starter-test/1.5.16.RELEASE/spring-boot-starter-test-1.5.16.RELEASE.jar:/Users/joshua/.m2/repository/org/springframework/boot/spring-boot-test/1.5.16.RELEASE/spring-boot-test-1.5.16.RELEASE.jar:/Users/joshua/.m2/repository/org/springframework/boot/spring-boot-test-autoconfigure/1.5.16.RELEASE/spring-boot-test-autoconfigure-1.5.16.RELEASE.jar:/Users/joshua/.m2/repository/com/jayway/jsonpath/json-path/2.2.0/json-path-2.2.0.jar:/Users/joshua/.m2/repository/net/minidev/json-smart/2.2.1/json-smart-2.2.1.jar:/Users/joshua/.m2/repository/net/minidev/accessors-smart/1.1/accessors-smart-1.1.jar:/Users/joshua/.m2/repository/org/ow2/asm/asm/5.0.3/asm-5.0.3.jar:/Users/joshua/.m2/repository/org/slf4j/slf4j-api/1.7.25/slf4j-api-1.7.25.jar:/Users/joshua/.m2/repository/junit/junit/4.12/junit-4.12.jar:/Users/joshua/.m2/repository/org/assertj/assertj-core/2.6.0/assertj-core-2.6.0.jar:/Users/joshua/.m2/repository/org/mockito/mockito-core/1.10.19/mockito-core-1.10.19.jar:/Users/joshua/.m2/repository/org/objenesis/objenesis/2.1/objenesis-2.1.jar:/Users/joshua/.m2/repository/org/hamcrest/hamcrest-core/1.3/hamcrest-core-1.3.jar:/Users/joshua/.m2/repository/org/hamcrest/hamcrest-library/1.3/hamcrest-library-1.3.jar:/Users/joshua/.m2/repository/org/skyscreamer/jsonassert/1.4.0/jsonassert-1.4.0.jar:/Users/joshua/.m2/repository/com/vaadin/external/google/android-json/0.0.20131108.vaadin1/android-json-0.0.20131108.vaadin1.jar:/Users/joshua/.m2/repository/org/springframework/spring-core/4.3.19.RELEASE/spring-core-4.3.19.RELEASE.jar:/Users/joshua/.m2/repository/org/springframework/spring-test/4.3.19.RELEASE/spring-test-4.3.19.RELEASE.jar:/Users/joshua/.m2/repository/mysql/mysql-connector-java/5.1.20/mysql-connector-java-5.1.20.jar:/Users/joshua/.m2/repository/org/apache/httpcomponents/httpclient/4.5.6/httpclient-4.5.6.jar:/Users/joshua/.m2/repository/org/apache/httpcomponents/httpcore/4.4.10/httpcore-4.4.10.jar:/Users/joshua/.m2/repository/commons-codec/commons-codec/1.10/commons-codec-1.10.jar:/Users/joshua/.m2/repository/org/springframework/boot/spring-boot-starter-thymeleaf/1.5.16.RELEASE/spring-boot-starter-thymeleaf-1.5.16.RELEASE.jar:/Users/joshua/.m2/repository/org/thymeleaf/thymeleaf-spring4/2.1.6.RELEASE/thymeleaf-spring4-2.1.6.RELEASE.jar:/Users/joshua/.m2/repository/org/thymeleaf/thymeleaf/2.1.6.RELEASE/thymeleaf-2.1.6.RELEASE.jar:/Users/joshua/.m2/repository/ognl/ognl/3.0.8/ognl-3.0.8.jar:/Users/joshua/.m2/repository/org/javassist/javassist/3.21.0-GA/javassist-3.21.0-GA.jar:/Users/joshua/.m2/repository/org/unbescape/unbescape/1.1.0.RELEASE/unbescape-1.1.0.RELEASE.jar:/Users/joshua/.m2/repository/nz/net/ultraq/thymeleaf/thymeleaf-layout-dialect/1.4.0/thymeleaf-layout-dialect-1.4.0.jar:/Users/joshua/.m2/repository/org/codehaus/groovy/groovy/2.4.15/groovy-2.4.15.jar:/Users/joshua/.m2/repository/com/google/code/gson/gson/2.8.5/gson-2.8.5.jar:/Users/joshua/.m2/repository/org/mybatis/spring/boot/mybatis-spring-boot-starter/1.3.2/mybatis-spring-boot-starter-1.3.2.jar:/Users/joshua/.m2/repository/org/springframework/boot/spring-boot-starter-jdbc/1.5.16.RELEASE/spring-boot-starter-jdbc-1.5.16.RELEASE.jar:/Users/joshua/.m2/repository/org/apache/tomcat/tomcat-jdbc/8.5.34/tomcat-jdbc-8.5.34.jar:/Users/joshua/.m2/repository/org/apache/tomcat/tomcat-juli/8.5.34/tomcat-juli-8.5.34.jar:/Users/joshua/.m2/repository/org/springframework/spring-jdbc/4.3.19.RELEASE/spring-jdbc-4.3.19.RELEASE.jar:/Users/joshua/.m2/repository/org/springframework/spring-tx/4.3.19.RELEASE/spring-tx-4.3.19.RELEASE.jar:/Users/joshua/.m2/repository/org/mybatis/spring/boot/mybatis-spring-boot-autoconfigure/1.3.2/mybatis-spring-boot-autoconfigure-1.3.2.jar:/Users/joshua/.m2/repository/org/mybatis/mybatis/3.4.6/mybatis-3.4.6.jar:/Users/joshua/.m2/repository/org/mybatis/mybatis-spring/1.3.2/mybatis-spring-1.3.2.jar:/Users/joshua/.m2/repository/javax/servlet/servlet-api/2.5/servlet-api-2.5.jar:, user.name=joshua, java.vm.specification.version=1.8, sun.java.command=/Users/joshua/Documents/Trabajo/Addcel/Mexico/Codigo/Github/BillPocket2/BillPocket/target/surefire/surefirebooter2071707496745006730.jar /Users/joshua/Documents/Trabajo/Addcel/Mexico/Codigo/Github/BillPocket2/BillPocket/target/surefire/surefire1371472097699691244tmp /Users/joshua/Documents/Trabajo/Addcel/Mexico/Codigo/Github/BillPocket2/BillPocket/target/surefire/surefire_05838477041905587464tmp, java.home=/Library/Java/JavaVirtualMachines/jdk1.8.0_181.jdk/Contents/Home/jre, sun.arch.data.model=64, user.language=es, java.specification.vendor=Oracle Corporation, awt.toolkit=sun.lwawt.macosx.LWCToolkit, java.vm.info=mixed mode, java.version=1.8.0_181, java.ext.dirs=/Users/joshua/Library/Java/Extensions:/Library/Java/JavaVirtualMachines/jdk1.8.0_181.jdk/Contents/Home/jre/lib/ext:/Library/Java/Extensions:/Network/Library/Java/Extensions:/System/Library/Java/Extensions:/usr/lib/java, sun.boot.class.path=/Library/Java/JavaVirtualMachines/jdk1.8.0_181.jdk/Contents/Home/jre/lib/resources.jar:/Library/Java/JavaVirtualMachines/jdk1.8.0_181.jdk/Contents/Home/jre/lib/rt.jar:/Library/Java/JavaVirtualMachines/jdk1.8.0_181.jdk/Contents/Home/jre/lib/sunrsasign.jar:/Library/Java/JavaVirtualMachines/jdk1.8.0_181.jdk/Contents/Home/jre/lib/jsse.jar:/Library/Java/JavaVirtualMachines/jdk1.8.0_181.jdk/Contents/Home/jre/lib/jce.jar:/Library/Java/JavaVirtualMachines/jdk1.8.0_181.jdk/Contents/Home/jre/lib/charsets.jar:/Library/Java/JavaVirtualMachines/jdk1.8.0_181.jdk/Contents/Home/jre/lib/jfr.jar:/Library/Java/JavaVirtualMachines/jdk1.8.0_181.jdk/Contents/Home/jre/classes, java.vendor=Oracle Corporation, localRepository=/Users/joshua/.m2/repository, file.separator=/, java.vendor.url.bug=http://bugreport.sun.com/bugreport/, sun.io.unicode.encoding=UnicodeBig, sun.cpu.endian=little, socksNonProxyHosts=local|*.local|169.254/16|*.169.254/16, ftp.nonProxyHosts=local|*.local|169.254/16|*.169.254/16, sun.cpu.isalist=}}, SystemEnvironmentPropertySource@1641313620 {name='systemEnvironment', properties={PATH=/Users/joshua/.sdkman/candidates/gradle/current/bin:/usr/local/bin:/usr/bin:/bin:/usr/sbin:/sbin:/Applications/VMware Fusion.app/Contents/Public, SDKMAN_VERSION=5.7.3+337, GRADLE_HOME=/Users/joshua/.sdkman/candidates/gradle/current, VERSIONER_PYTHON_VERSION=2.7, SDKMAN_DIR=/Users/joshua/.sdkman, LOGNAME=joshua, XPC_SERVICE_NAME=0, PWD=/Users/joshua/Documents/Trabajo/Addcel/Mexico/Codigo/Github/BillPocket2/BillPocket, _=/Library/Java/JavaVirtualMachines/jdk1.8.0_181.jdk/Contents/Home/jre/bin/java, SDKMAN_CANDIDATES_DIR=/Users/joshua/.sdkman/candidates, SHELL=/bin/bash, SDKMAN_CANDIDATES_API=https://api.sdkman.io/2, OLDPWD=/Users/joshua/Documents/Trabajo/Addcel/Mexico/Codigo/Github/BillPocket2/BillPocket, SDKMAN_PLATFORM=Darwin, VERSIONER_PYTHON_PREFER_32_BIT=no, USER=joshua, TMPDIR=/var/folders/4d/zcq0nd6j5gq4rhc9q2bn_qz00000gn/T/, SSH_AUTH_SOCK=/private/tmp/com.apple.launchd.KCds6bX4w3/Listeners, XPC_FLAGS=0x0, __CF_USER_TEXT_ENCODING=0x1F5:0x0:0x56, Apple_PubSub_Socket_Render=/private/tmp/com.apple.launchd.2nk4QblsC0/Render, LC_CTYPE=es_MX.UTF-8, JAVA_MAIN_CLASS_5814=org.apache.maven.surefire.booter.ForkedBooter, HOME=/Users/joshua, SHLVL=1, JAVA_MAIN_CLASS_5812=org.codehaus.classworlds.Launcher}}]
12:35:13.105 [main] INFO org.springframework.boot.test.context.SpringBootTestContextBootstrapper - Found @SpringBootConfiguration com.addcel.bill.pocket.BillPocket.BillPocketApplication for test class com.addcel.bill.pocket.BillPocket.BillPocketApplicationTests
12:35:13.115 [main] DEBUG org.springframework.boot.test.context.SpringBootTestContextBootstrapper - @TestExecutionListeners is not present for class [com.addcel.bill.pocket.BillPocket.BillPocketApplicationTests]: using defaults.
12:35:13.118 [main] INFO org.springframework.boot.test.context.SpringBootTestContextBootstrapper - Loaded default TestExecutionListener class names from location [META-INF/spring.factories]: [org.springframework.boot.test.mock.mockito.MockitoTestExecutionListener, org.springframework.boot.test.mock.mockito.ResetMocksTestExecutionListener, org.springframework.boot.test.autoconfigure.restdocs.RestDocsTestExecutionListener, org.springframework.boot.test.autoconfigure.web.client.MockRestServiceServerResetTestExecutionListener, org.springframework.boot.test.autoconfigure.web.servlet.MockMvcPrintOnlyOnFailureTestExecutionListener, org.springframework.boot.test.autoconfigure.web.servlet.WebDriverTestExecutionListener, org.springframework.test.context.web.ServletTestExecutionListener, org.springframework.test.context.support.DirtiesContextBeforeModesTestExecutionListener, org.springframework.test.context.support.DependencyInjectionTestExecutionListener, org.springframework.test.context.support.DirtiesContextTestExecutionListener, org.springframework.test.context.transaction.TransactionalTestExecutionListener, org.springframework.test.context.jdbc.SqlScriptsTestExecutionListener]
12:35:13.123 [main] INFO org.springframework.boot.test.context.SpringBootTestContextBootstrapper - Using TestExecutionListeners: [org.springframework.test.context.web.ServletTestExecutionListener@77e9807f, org.springframework.test.context.support.DirtiesContextBeforeModesTestExecutionListener@448ff1a8, org.springframework.boot.test.mock.mockito.MockitoTestExecutionListener@1a38c59b, org.springframework.boot.test.autoconfigure.SpringBootDependencyInjectionTestExecutionListener@7f77e91b, org.springframework.test.context.support.DirtiesContextTestExecutionListener@44a664f2, org.springframework.test.context.transaction.TransactionalTestExecutionListener@7f9fcf7f, org.springframework.test.context.jdbc.SqlScriptsTestExecutionListener@2357d90a, org.springframework.boot.test.mock.mockito.ResetMocksTestExecutionListener@6328d34a, org.springframework.boot.test.autoconfigure.restdocs.RestDocsTestExecutionListener@145eaa29, org.springframework.boot.test.autoconfigure.web.client.MockRestServiceServerResetTestExecutionListener@15bb6bea, org.springframework.boot.test.autoconfigure.web.servlet.MockMvcPrintOnlyOnFailureTestExecutionListener@8b96fde, org.springframework.boot.test.autoconfigure.web.servlet.WebDriverTestExecutionListener@2d2e5f00]
12:35:13.123 [main] DEBUG org.springframework.test.annotation.ProfileValueUtils - Retrieved @ProfileValueSourceConfiguration [null] for test class [com.addcel.bill.pocket.BillPocket.BillPocketApplicationTests]
12:35:13.123 [main] DEBUG org.springframework.test.annotation.ProfileValueUtils - Retrieved ProfileValueSource type [class org.springframework.test.annotation.SystemProfileValueSource] for class [com.addcel.bill.pocket.BillPocket.BillPocketApplicationTests]
12:35:13.124 [main] DEBUG org.springframework.test.annotation.ProfileValueUtils - Retrieved @ProfileValueSourceConfiguration [null] for test class [com.addcel.bill.pocket.BillPocket.BillPocketApplicationTests]
12:35:13.125 [main] DEBUG org.springframework.test.annotation.ProfileValueUtils - Retrieved ProfileValueSource type [class org.springframework.test.annotation.SystemProfileValueSource] for class [com.addcel.bill.pocket.BillPocket.BillPocketApplicationTests]
12:35:13.131 [main] DEBUG org.springframework.test.context.support.AbstractDirtiesContextTestExecutionListener - Before test class: context [DefaultTestContext@3bbc39f8 testClass = BillPocketApplicationTests, testInstance = [null], testMethod = [null], testException = [null], mergedContextConfiguration = [WebMergedContextConfiguration@4ae3c1cd testClass = BillPocketApplicationTests, locations = '{}', classes = '{class com.addcel.bill.pocket.BillPocket.BillPocketApplication}', contextInitializerClasses = '[]', activeProfiles = '{}', propertySourceLocations = '{}', propertySourceProperties = '{org.springframework.boot.test.context.SpringBootTestContextBootstrapper=true}', contextCustomizers = set[org.springframework.boot.test.context.SpringBootTestContextCustomizer@527740a2, org.springframework.boot.test.context.filter.ExcludeFilterContextCustomizer@370736d9, org.springframework.boot.test.json.DuplicateJsonObjectContextCustomizerFactory$DuplicateJsonObjectContextCustomizer@6b09bb57, org.springframework.boot.test.mock.mockito.MockitoContextCustomizer@0, org.springframework.boot.test.autoconfigure.properties.PropertyMappingContextCustomizer@0, org.springframework.boot.test.autoconfigure.web.servlet.WebDriverContextCustomizerFactory$Customizer@627551fb], resourceBasePath = 'src/main/webapp', contextLoader = 'org.springframework.boot.test.context.SpringBootContextLoader', parent = [null]]], class annotated with @DirtiesContext [false] with mode [null].
12:35:13.132 [main] DEBUG org.springframework.test.annotation.ProfileValueUtils - Retrieved @ProfileValueSourceConfiguration [null] for test class [com.addcel.bill.pocket.BillPocket.BillPocketApplicationTests]
12:35:13.132 [main] DEBUG org.springframework.test.annotation.ProfileValueUtils - Retrieved ProfileValueSource type [class org.springframework.test.annotation.SystemProfileValueSource] for class [com.addcel.bill.pocket.BillPocket.BillPocketApplicationTests]
12:35:13.403 [main] DEBUG org.springframework.core.env.StandardEnvironment - Adding PropertySource 'systemProperties' with lowest search precedence
12:35:13.403 [main] DEBUG org.springframework.core.env.StandardEnvironment - Adding PropertySource 'systemEnvironment' with lowest search precedence
12:35:13.404 [main] DEBUG org.springframework.core.env.StandardEnvironment - Initialized StandardEnvironment with PropertySources [MapPropertySource@1264413185 {name='systemProperties', properties={idea.version=2018.2.7, java.runtime.name=Java(TM) SE Runtime Environment, sun.boot.library.path=/Library/Java/JavaVirtualMachines/jdk1.8.0_181.jdk/Contents/Home/jre/lib, java.vm.version=25.181-b13, gopherProxySet=false, java.vm.vendor=Oracle Corporation, java.vendor.url=http://java.oracle.com/, path.separator=:, java.vm.name=Java HotSpot(TM) 64-Bit Server VM, file.encoding.pkg=sun.io, user.country=MX, sun.java.launcher=SUN_STANDARD, sun.os.patch.level=unknown, java.vm.specification.name=Java Virtual Machine Specification, user.dir=/Users/joshua/Documents/Trabajo/Addcel/Mexico/Codigo/Github/BillPocket2/BillPocket, java.runtime.version=1.8.0_181-b13, basedir=/Users/joshua/Documents/Trabajo/Addcel/Mexico/Codigo/Github/BillPocket2/BillPocket, java.awt.graphicsenv=sun.awt.CGraphicsEnvironment, java.endorsed.dirs=/Library/Java/JavaVirtualMachines/jdk1.8.0_181.jdk/Contents/Home/jre/lib/endorsed, os.arch=x86_64, surefire.real.class.path=/Users/joshua/Documents/Trabajo/Addcel/Mexico/Codigo/Github/BillPocket2/BillPocket/target/surefire/surefirebooter2071707496745006730.jar, java.io.tmpdir=/var/folders/4d/zcq0nd6j5gq4rhc9q2bn_qz00000gn/T/, line.separator=
, java.vm.specification.vendor=Oracle Corporation, os.name=Mac OS X, sun.jnu.encoding=UTF-8, java.library.path=/Users/joshua/Library/Java/Extensions:/Library/Java/Extensions:/Network/Library/Java/Extensions:/System/Library/Java/Extensions:/usr/lib/java:., surefire.test.class.path=/Users/joshua/Documents/Trabajo/Addcel/Mexico/Codigo/Github/BillPocket2/BillPocket/target/test-classes:/Users/joshua/Documents/Trabajo/Addcel/Mexico/Codigo/Github/BillPocket2/BillPocket/target/classes:/Users/joshua/.m2/repository/org/springframework/boot/spring-boot-starter-web/1.5.16.RELEASE/spring-boot-starter-web-1.5.16.RELEASE.jar:/Users/joshua/.m2/repository/org/springframework/boot/spring-boot-starter/1.5.16.RELEASE/spring-boot-starter-1.5.16.RELEASE.jar:/Users/joshua/.m2/repository/org/springframework/boot/spring-boot/1.5.16.RELEASE/spring-boot-1.5.16.RELEASE.jar:/Users/joshua/.m2/repository/org/springframework/boot/spring-boot-autoconfigure/1.5.16.RELEASE/spring-boot-autoconfigure-1.5.16.RELEASE.jar:/Users/joshua/.m2/repository/org/springframework/boot/spring-boot-starter-logging/1.5.16.RELEASE/spring-boot-starter-logging-1.5.16.RELEASE.jar:/Users/joshua/.m2/repository/ch/qos/logback/logback-classic/1.1.11/logback-classic-1.1.11.jar:/Users/joshua/.m2/repository/ch/qos/logback/logback-core/1.1.11/logback-core-1.1.11.jar:/Users/joshua/.m2/repository/org/slf4j/jcl-over-slf4j/1.7.25/jcl-over-slf4j-1.7.25.jar:/Users/joshua/.m2/repository/org/slf4j/jul-to-slf4j/1.7.25/jul-to-slf4j-1.7.25.jar:/Users/joshua/.m2/repository/org/slf4j/log4j-over-slf4j/1.7.25/log4j-over-slf4j-1.7.25.jar:/Users/joshua/.m2/repository/org/yaml/snakeyaml/1.17/snakeyaml-1.17.jar:/Users/joshua/.m2/repository/org/hibernate/hibernate-validator/5.3.6.Final/hibernate-validator-5.3.6.Final.jar:/Users/joshua/.m2/repository/javax/validation/validation-api/1.1.0.Final/validation-api-1.1.0.Final.jar:/Users/joshua/.m2/repository/org/jboss/logging/jboss-logging/3.3.2.Final/jboss-logging-3.3.2.Final.jar:/Users/joshua/.m2/repository/com/fasterxml/classmate/1.3.4/classmate-1.3.4.jar:/Users/joshua/.m2/repository/com/fasterxml/jackson/core/jackson-databind/2.8.11.2/jackson-databind-2.8.11.2.jar:/Users/joshua/.m2/repository/com/fasterxml/jackson/core/jackson-annotations/2.8.0/jackson-annotations-2.8.0.jar:/Users/joshua/.m2/repository/com/fasterxml/jackson/core/jackson-core/2.8.11/jackson-core-2.8.11.jar:/Users/joshua/.m2/repository/org/springframework/spring-web/4.3.19.RELEASE/spring-web-4.3.19.RELEASE.jar:/Users/joshua/.m2/repository/org/springframework/spring-aop/4.3.19.RELEASE/spring-aop-4.3.19.RELEASE.jar:/Users/joshua/.m2/repository/org/springframework/spring-beans/4.3.19.RELEASE/spring-beans-4.3.19.RELEASE.jar:/Users/joshua/.m2/repository/org/springframework/spring-context/4.3.19.RELEASE/spring-context-4.3.19.RELEASE.jar:/Users/joshua/.m2/repository/org/springframework/spring-webmvc/4.3.19.RELEASE/spring-webmvc-4.3.19.RELEASE.jar:/Users/joshua/.m2/repository/org/springframework/spring-expression/4.3.19.RELEASE/spring-expression-4.3.19.RELEASE.jar:/Users/joshua/.m2/repository/org/springframework/boot/spring-boot-starter-test/1.5.16.RELEASE/spring-boot-starter-test-1.5.16.RELEASE.jar:/Users/joshua/.m2/repository/org/springframework/boot/spring-boot-test/1.5.16.RELEASE/spring-boot-test-1.5.16.RELEASE.jar:/Users/joshua/.m2/repository/org/springframework/boot/spring-boot-test-autoconfigure/1.5.16.RELEASE/spring-boot-test-autoconfigure-1.5.16.RELEASE.jar:/Users/joshua/.m2/repository/com/jayway/jsonpath/json-path/2.2.0/json-path-2.2.0.jar:/Users/joshua/.m2/repository/net/minidev/json-smart/2.2.1/json-smart-2.2.1.jar:/Users/joshua/.m2/repository/net/minidev/accessors-smart/1.1/accessors-smart-1.1.jar:/Users/joshua/.m2/repository/org/ow2/asm/asm/5.0.3/asm-5.0.3.jar:/Users/joshua/.m2/repository/org/slf4j/slf4j-api/1.7.25/slf4j-api-1.7.25.jar:/Users/joshua/.m2/repository/junit/junit/4.12/junit-4.12.jar:/Users/joshua/.m2/repository/org/assertj/assertj-core/2.6.0/assertj-core-2.6.0.jar:/Users/joshua/.m2/repository/org/mockito/mockito-core/1.10.19/mockito-core-1.10.19.jar:/Users/joshua/.m2/repository/org/objenesis/objenesis/2.1/objenesis-2.1.jar:/Users/joshua/.m2/repository/org/hamcrest/hamcrest-core/1.3/hamcrest-core-1.3.jar:/Users/joshua/.m2/repository/org/hamcrest/hamcrest-library/1.3/hamcrest-library-1.3.jar:/Users/joshua/.m2/repository/org/skyscreamer/jsonassert/1.4.0/jsonassert-1.4.0.jar:/Users/joshua/.m2/repository/com/vaadin/external/google/android-json/0.0.20131108.vaadin1/android-json-0.0.20131108.vaadin1.jar:/Users/joshua/.m2/repository/org/springframework/spring-core/4.3.19.RELEASE/spring-core-4.3.19.RELEASE.jar:/Users/joshua/.m2/repository/org/springframework/spring-test/4.3.19.RELEASE/spring-test-4.3.19.RELEASE.jar:/Users/joshua/.m2/repository/mysql/mysql-connector-java/5.1.20/mysql-connector-java-5.1.20.jar:/Users/joshua/.m2/repository/org/apache/httpcomponents/httpclient/4.5.6/httpclient-4.5.6.jar:/Users/joshua/.m2/repository/org/apache/httpcomponents/httpcore/4.4.10/httpcore-4.4.10.jar:/Users/joshua/.m2/repository/commons-codec/commons-codec/1.10/commons-codec-1.10.jar:/Users/joshua/.m2/repository/org/springframework/boot/spring-boot-starter-thymeleaf/1.5.16.RELEASE/spring-boot-starter-thymeleaf-1.5.16.RELEASE.jar:/Users/joshua/.m2/repository/org/thymeleaf/thymeleaf-spring4/2.1.6.RELEASE/thymeleaf-spring4-2.1.6.RELEASE.jar:/Users/joshua/.m2/repository/org/thymeleaf/thymeleaf/2.1.6.RELEASE/thymeleaf-2.1.6.RELEASE.jar:/Users/joshua/.m2/repository/ognl/ognl/3.0.8/ognl-3.0.8.jar:/Users/joshua/.m2/repository/org/javassist/javassist/3.21.0-GA/javassist-3.21.0-GA.jar:/Users/joshua/.m2/repository/org/unbescape/unbescape/1.1.0.RELEASE/unbescape-1.1.0.RELEASE.jar:/Users/joshua/.m2/repository/nz/net/ultraq/thymeleaf/thymeleaf-layout-dialect/1.4.0/thymeleaf-layout-dialect-1.4.0.jar:/Users/joshua/.m2/repository/org/codehaus/groovy/groovy/2.4.15/groovy-2.4.15.jar:/Users/joshua/.m2/repository/com/google/code/gson/gson/2.8.5/gson-2.8.5.jar:/Users/joshua/.m2/repository/org/mybatis/spring/boot/mybatis-spring-boot-starter/1.3.2/mybatis-spring-boot-starter-1.3.2.jar:/Users/joshua/.m2/repository/org/springframework/boot/spring-boot-starter-jdbc/1.5.16.RELEASE/spring-boot-starter-jdbc-1.5.16.RELEASE.jar:/Users/joshua/.m2/repository/org/apache/tomcat/tomcat-jdbc/8.5.34/tomcat-jdbc-8.5.34.jar:/Users/joshua/.m2/repository/org/apache/tomcat/tomcat-juli/8.5.34/tomcat-juli-8.5.34.jar:/Users/joshua/.m2/repository/org/springframework/spring-jdbc/4.3.19.RELEASE/spring-jdbc-4.3.19.RELEASE.jar:/Users/joshua/.m2/repository/org/springframework/spring-tx/4.3.19.RELEASE/spring-tx-4.3.19.RELEASE.jar:/Users/joshua/.m2/repository/org/mybatis/spring/boot/mybatis-spring-boot-autoconfigure/1.3.2/mybatis-spring-boot-autoconfigure-1.3.2.jar:/Users/joshua/.m2/repository/org/mybatis/mybatis/3.4.6/mybatis-3.4.6.jar:/Users/joshua/.m2/repository/org/mybatis/mybatis-spring/1.3.2/mybatis-spring-1.3.2.jar:/Users/joshua/.m2/repository/javax/servlet/servlet-api/2.5/servlet-api-2.5.jar:, java.specification.name=Java Platform API Specification, java.class.version=52.0, sun.management.compiler=HotSpot 64-Bit Tiered Compilers, os.version=10.14.3, http.nonProxyHosts=local|*.local|169.254/16|*.169.254/16, user.home=/Users/joshua, user.timezone=America/Mexico_City, java.awt.printerjob=sun.lwawt.macosx.CPrinterJob, file.encoding=US-ASCII, java.specification.version=1.8, java.class.path=/Users/joshua/Documents/Trabajo/Addcel/Mexico/Codigo/Github/BillPocket2/BillPocket/target/test-classes:/Users/joshua/Documents/Trabajo/Addcel/Mexico/Codigo/Github/BillPocket2/BillPocket/target/classes:/Users/joshua/.m2/repository/org/springframework/boot/spring-boot-starter-web/1.5.16.RELEASE/spring-boot-starter-web-1.5.16.RELEASE.jar:/Users/joshua/.m2/repository/org/springframework/boot/spring-boot-starter/1.5.16.RELEASE/spring-boot-starter-1.5.16.RELEASE.jar:/Users/joshua/.m2/repository/org/springframework/boot/spring-boot/1.5.16.RELEASE/spring-boot-1.5.16.RELEASE.jar:/Users/joshua/.m2/repository/org/springframework/boot/spring-boot-autoconfigure/1.5.16.RELEASE/spring-boot-autoconfigure-1.5.16.RELEASE.jar:/Users/joshua/.m2/repository/org/springframework/boot/spring-boot-starter-logging/1.5.16.RELEASE/spring-boot-starter-logging-1.5.16.RELEASE.jar:/Users/joshua/.m2/repository/ch/qos/logback/logback-classic/1.1.11/logback-classic-1.1.11.jar:/Users/joshua/.m2/repository/ch/qos/logback/logback-core/1.1.11/logback-core-1.1.11.jar:/Users/joshua/.m2/repository/org/slf4j/jcl-over-slf4j/1.7.25/jcl-over-slf4j-1.7.25.jar:/Users/joshua/.m2/repository/org/slf4j/jul-to-slf4j/1.7.25/jul-to-slf4j-1.7.25.jar:/Users/joshua/.m2/repository/org/slf4j/log4j-over-slf4j/1.7.25/log4j-over-slf4j-1.7.25.jar:/Users/joshua/.m2/repository/org/yaml/snakeyaml/1.17/snakeyaml-1.17.jar:/Users/joshua/.m2/repository/org/hibernate/hibernate-validator/5.3.6.Final/hibernate-validator-5.3.6.Final.jar:/Users/joshua/.m2/repository/javax/validation/validation-api/1.1.0.Final/validation-api-1.1.0.Final.jar:/Users/joshua/.m2/repository/org/jboss/logging/jboss-logging/3.3.2.Final/jboss-logging-3.3.2.Final.jar:/Users/joshua/.m2/repository/com/fasterxml/classmate/1.3.4/classmate-1.3.4.jar:/Users/joshua/.m2/repository/com/fasterxml/jackson/core/jackson-databind/2.8.11.2/jackson-databind-2.8.11.2.jar:/Users/joshua/.m2/repository/com/fasterxml/jackson/core/jackson-annotations/2.8.0/jackson-annotations-2.8.0.jar:/Users/joshua/.m2/repository/com/fasterxml/jackson/core/jackson-core/2.8.11/jackson-core-2.8.11.jar:/Users/joshua/.m2/repository/org/springframework/spring-web/4.3.19.RELEASE/spring-web-4.3.19.RELEASE.jar:/Users/joshua/.m2/repository/org/springframework/spring-aop/4.3.19.RELEASE/spring-aop-4.3.19.RELEASE.jar:/Users/joshua/.m2/repository/org/springframework/spring-beans/4.3.19.RELEASE/spring-beans-4.3.19.RELEASE.jar:/Users/joshua/.m2/repository/org/springframework/spring-context/4.3.19.RELEASE/spring-context-4.3.19.RELEASE.jar:/Users/joshua/.m2/repository/org/springframework/spring-webmvc/4.3.19.RELEASE/spring-webmvc-4.3.19.RELEASE.jar:/Users/joshua/.m2/repository/org/springframework/spring-expression/4.3.19.RELEASE/spring-expression-4.3.19.RELEASE.jar:/Users/joshua/.m2/repository/org/springframework/boot/spring-boot-starter-test/1.5.16.RELEASE/spring-boot-starter-test-1.5.16.RELEASE.jar:/Users/joshua/.m2/repository/org/springframework/boot/spring-boot-test/1.5.16.RELEASE/spring-boot-test-1.5.16.RELEASE.jar:/Users/joshua/.m2/repository/org/springframework/boot/spring-boot-test-autoconfigure/1.5.16.RELEASE/spring-boot-test-autoconfigure-1.5.16.RELEASE.jar:/Users/joshua/.m2/repository/com/jayway/jsonpath/json-path/2.2.0/json-path-2.2.0.jar:/Users/joshua/.m2/repository/net/minidev/json-smart/2.2.1/json-smart-2.2.1.jar:/Users/joshua/.m2/repository/net/minidev/accessors-smart/1.1/accessors-smart-1.1.jar:/Users/joshua/.m2/repository/org/ow2/asm/asm/5.0.3/asm-5.0.3.jar:/Users/joshua/.m2/repository/org/slf4j/slf4j-api/1.7.25/slf4j-api-1.7.25.jar:/Users/joshua/.m2/repository/junit/junit/4.12/junit-4.12.jar:/Users/joshua/.m2/repository/org/assertj/assertj-core/2.6.0/assertj-core-2.6.0.jar:/Users/joshua/.m2/repository/org/mockito/mockito-core/1.10.19/mockito-core-1.10.19.jar:/Users/joshua/.m2/repository/org/objenesis/objenesis/2.1/objenesis-2.1.jar:/Users/joshua/.m2/repository/org/hamcrest/hamcrest-core/1.3/hamcrest-core-1.3.jar:/Users/joshua/.m2/repository/org/hamcrest/hamcrest-library/1.3/hamcrest-library-1.3.jar:/Users/joshua/.m2/repository/org/skyscreamer/jsonassert/1.4.0/jsonassert-1.4.0.jar:/Users/joshua/.m2/repository/com/vaadin/external/google/android-json/0.0.20131108.vaadin1/android-json-0.0.20131108.vaadin1.jar:/Users/joshua/.m2/repository/org/springframework/spring-core/4.3.19.RELEASE/spring-core-4.3.19.RELEASE.jar:/Users/joshua/.m2/repository/org/springframework/spring-test/4.3.19.RELEASE/spring-test-4.3.19.RELEASE.jar:/Users/joshua/.m2/repository/mysql/mysql-connector-java/5.1.20/mysql-connector-java-5.1.20.jar:/Users/joshua/.m2/repository/org/apache/httpcomponents/httpclient/4.5.6/httpclient-4.5.6.jar:/Users/joshua/.m2/repository/org/apache/httpcomponents/httpcore/4.4.10/httpcore-4.4.10.jar:/Users/joshua/.m2/repository/commons-codec/commons-codec/1.10/commons-codec-1.10.jar:/Users/joshua/.m2/repository/org/springframework/boot/spring-boot-starter-thymeleaf/1.5.16.RELEASE/spring-boot-starter-thymeleaf-1.5.16.RELEASE.jar:/Users/joshua/.m2/repository/org/thymeleaf/thymeleaf-spring4/2.1.6.RELEASE/thymeleaf-spring4-2.1.6.RELEASE.jar:/Users/joshua/.m2/repository/org/thymeleaf/thymeleaf/2.1.6.RELEASE/thymeleaf-2.1.6.RELEASE.jar:/Users/joshua/.m2/repository/ognl/ognl/3.0.8/ognl-3.0.8.jar:/Users/joshua/.m2/repository/org/javassist/javassist/3.21.0-GA/javassist-3.21.0-GA.jar:/Users/joshua/.m2/repository/org/unbescape/unbescape/1.1.0.RELEASE/unbescape-1.1.0.RELEASE.jar:/Users/joshua/.m2/repository/nz/net/ultraq/thymeleaf/thymeleaf-layout-dialect/1.4.0/thymeleaf-layout-dialect-1.4.0.jar:/Users/joshua/.m2/repository/org/codehaus/groovy/groovy/2.4.15/groovy-2.4.15.jar:/Users/joshua/.m2/repository/com/google/code/gson/gson/2.8.5/gson-2.8.5.jar:/Users/joshua/.m2/repository/org/mybatis/spring/boot/mybatis-spring-boot-starter/1.3.2/mybatis-spring-boot-starter-1.3.2.jar:/Users/joshua/.m2/repository/org/springframework/boot/spring-boot-starter-jdbc/1.5.16.RELEASE/spring-boot-starter-jdbc-1.5.16.RELEASE.jar:/Users/joshua/.m2/repository/org/apache/tomcat/tomcat-jdbc/8.5.34/tomcat-jdbc-8.5.34.jar:/Users/joshua/.m2/repository/org/apache/tomcat/tomcat-juli/8.5.34/tomcat-juli-8.5.34.jar:/Users/joshua/.m2/repository/org/springframework/spring-jdbc/4.3.19.RELEASE/spring-jdbc-4.3.19.RELEASE.jar:/Users/joshua/.m2/repository/org/springframework/spring-tx/4.3.19.RELEASE/spring-tx-4.3.19.RELEASE.jar:/Users/joshua/.m2/repository/org/mybatis/spring/boot/mybatis-spring-boot-autoconfigure/1.3.2/mybatis-spring-boot-autoconfigure-1.3.2.jar:/Users/joshua/.m2/repository/org/mybatis/mybatis/3.4.6/mybatis-3.4.6.jar:/Users/joshua/.m2/repository/org/mybatis/mybatis-spring/1.3.2/mybatis-spring-1.3.2.jar:/Users/joshua/.m2/repository/javax/servlet/servlet-api/2.5/servlet-api-2.5.jar:, user.name=joshua, java.vm.specification.version=1.8, sun.java.command=/Users/joshua/Documents/Trabajo/Addcel/Mexico/Codigo/Github/BillPocket2/BillPocket/target/surefire/surefirebooter2071707496745006730.jar /Users/joshua/Documents/Trabajo/Addcel/Mexico/Codigo/Github/BillPocket2/BillPocket/target/surefire/surefire1371472097699691244tmp /Users/joshua/Documents/Trabajo/Addcel/Mexico/Codigo/Github/BillPocket2/BillPocket/target/surefire/surefire_05838477041905587464tmp, java.home=/Library/Java/JavaVirtualMachines/jdk1.8.0_181.jdk/Contents/Home/jre, sun.arch.data.model=64, user.language=es, java.specification.vendor=Oracle Corporation, awt.toolkit=sun.lwawt.macosx.LWCToolkit, java.vm.info=mixed mode, java.version=1.8.0_181, java.ext.dirs=/Users/joshua/Library/Java/Extensions:/Library/Java/JavaVirtualMachines/jdk1.8.0_181.jdk/Contents/Home/jre/lib/ext:/Library/Java/Extensions:/Network/Library/Java/Extensions:/System/Library/Java/Extensions:/usr/lib/java, sun.boot.class.path=/Library/Java/JavaVirtualMachines/jdk1.8.0_181.jdk/Contents/Home/jre/lib/resources.jar:/Library/Java/JavaVirtualMachines/jdk1.8.0_181.jdk/Contents/Home/jre/lib/rt.jar:/Library/Java/JavaVirtualMachines/jdk1.8.0_181.jdk/Contents/Home/jre/lib/sunrsasign.jar:/Library/Java/JavaVirtualMachines/jdk1.8.0_181.jdk/Contents/Home/jre/lib/jsse.jar:/Library/Java/JavaVirtualMachines/jdk1.8.0_181.jdk/Contents/Home/jre/lib/jce.jar:/Library/Java/JavaVirtualMachines/jdk1.8.0_181.jdk/Contents/Home/jre/lib/charsets.jar:/Library/Java/JavaVirtualMachines/jdk1.8.0_181.jdk/Contents/Home/jre/lib/jfr.jar:/Library/Java/JavaVirtualMachines/jdk1.8.0_181.jdk/Contents/Home/jre/classes, java.vendor=Oracle Corporation, localRepository=/Users/joshua/.m2/repository, file.separator=/, java.vendor.url.bug=http://bugreport.sun.com/bugreport/, sun.io.unicode.encoding=UnicodeBig, sun.cpu.endian=little, socksNonProxyHosts=local|*.local|169.254/16|*.169.254/16, ftp.nonProxyHosts=local|*.local|169.254/16|*.169.254/16, sun.cpu.isalist=}}, SystemEnvironmentPropertySource@1243806178 {name='systemEnvironment', properties={PATH=/Users/joshua/.sdkman/candidates/gradle/current/bin:/usr/local/bin:/usr/bin:/bin:/usr/sbin:/sbin:/Applications/VMware Fusion.app/Contents/Public, SDKMAN_VERSION=5.7.3+337, GRADLE_HOME=/Users/joshua/.sdkman/candidates/gradle/current, VERSIONER_PYTHON_VERSION=2.7, SDKMAN_DIR=/Users/joshua/.sdkman, LOGNAME=joshua, XPC_SERVICE_NAME=0, PWD=/Users/joshua/Documents/Trabajo/Addcel/Mexico/Codigo/Github/BillPocket2/BillPocket, _=/Library/Java/JavaVirtualMachines/jdk1.8.0_181.jdk/Contents/Home/jre/bin/java, SDKMAN_CANDIDATES_DIR=/Users/joshua/.sdkman/candidates, SHELL=/bin/bash, SDKMAN_CANDIDATES_API=https://api.sdkman.io/2, OLDPWD=/Users/joshua/Documents/Trabajo/Addcel/Mexico/Codigo/Github/BillPocket2/BillPocket, SDKMAN_PLATFORM=Darwin, VERSIONER_PYTHON_PREFER_32_BIT=no, USER=joshua, TMPDIR=/var/folders/4d/zcq0nd6j5gq4rhc9q2bn_qz00000gn/T/, SSH_AUTH_SOCK=/private/tmp/com.apple.launchd.KCds6bX4w3/Listeners, XPC_FLAGS=0x0, __CF_USER_TEXT_ENCODING=0x1F5:0x0:0x56, Apple_PubSub_Socket_Render=/private/tmp/com.apple.launchd.2nk4QblsC0/Render, LC_CTYPE=es_MX.UTF-8, JAVA_MAIN_CLASS_5814=org.apache.maven.surefire.booter.ForkedBooter, HOME=/Users/joshua, SHLVL=1, JAVA_MAIN_CLASS_5812=org.codehaus.classworlds.Launcher}}]
12:35:13.408 [main] DEBUG org.springframework.core.env.MutablePropertySources - Adding PropertySource 'inline' with highest search precedence
12:35:13.417 [main] DEBUG org.springframework.test.context.support.TestPropertySourceUtils - Adding inlined properties to environment: {spring.jmx.enabled=false, org.springframework.boot.test.context.SpringBootTestContextBootstrapper=true, server.port=-1}
12:35:13.418 [main] DEBUG org.springframework.core.env.StandardEnvironment - Adding PropertySource 'Inlined Test Properties' with highest search precedence
12:35:13.430 [main] ERROR org.springframework.test.context.TestContextManager - Caught exception while allowing TestExecutionListener [org.springframework.test.context.web.ServletTestExecutionListener@77e9807f] to prepare test instance [com.addcel.bill.pocket.BillPocket.BillPocketApplicationTests@1725dc0f]
java.lang.NoClassDefFoundError: javax/servlet/SessionCookieConfig
	at org.springframework.boot.test.context.SpringBootContextLoader$WebConfigurer.addMockServletContext(SpringBootContextLoader.java:273)
	at org.springframework.boot.test.context.SpringBootContextLoader$WebConfigurer.configure(SpringBootContextLoader.java:266)
	at org.springframework.boot.test.context.SpringBootContextLoader.loadContext(SpringBootContextLoader.java:114)
	at org.springframework.test.context.cache.DefaultCacheAwareContextLoaderDelegate.loadContextInternal(DefaultCacheAwareContextLoaderDelegate.java:98)
	at org.springframework.test.context.cache.DefaultCacheAwareContextLoaderDelegate.loadContext(DefaultCacheAwareContextLoaderDelegate.java:116)
	at org.springframework.test.context.support.DefaultTestContext.getApplicationContext(DefaultTestContext.java:83)
	at org.springframework.test.context.web.ServletTestExecutionListener.setUpRequestContextIfNecessary(ServletTestExecutionListener.java:189)
	at org.springframework.test.context.web.ServletTestExecutionListener.prepareTestInstance(ServletTestExecutionListener.java:131)
	at org.springframework.test.context.TestContextManager.prepareTestInstance(TestContextManager.java:230)
	at org.springframework.test.context.junit4.SpringJUnit4ClassRunner.createTest(SpringJUnit4ClassRunner.java:228)
	at org.springframework.test.context.junit4.SpringJUnit4ClassRunner$1.runReflectiveCall(SpringJUnit4ClassRunner.java:287)
	at org.junit.internal.runners.model.ReflectiveCallable.run(ReflectiveCallable.java:12)
	at org.springframework.test.context.junit4.SpringJUnit4ClassRunner.methodBlock(SpringJUnit4ClassRunner.java:289)
	at org.springframework.test.context.junit4.SpringJUnit4ClassRunner.runChild(SpringJUnit4ClassRunner.java:247)
	at org.springframework.test.context.junit4.SpringJUnit4ClassRunner.runChild(SpringJUnit4ClassRunner.java:94)
	at org.junit.runners.ParentRunner$3.run(ParentRunner.java:290)
	at org.junit.runners.ParentRunner$1.schedule(ParentRunner.java:71)
	at org.junit.runners.ParentRunner.runChildren(ParentRunner.java:288)
	at org.junit.runners.ParentRunner.access$000(ParentRunner.java:58)
	at org.junit.runners.ParentRunner$2.evaluate(ParentRunner.java:268)
	at org.springframework.test.context.junit4.statements.RunBeforeTestClassCallbacks.evaluate(RunBeforeTestClassCallbacks.java:61)
	at org.springframework.test.context.junit4.statements.RunAfterTestClassCallbacks.evaluate(RunAfterTestClassCallbacks.java:70)
	at org.junit.runners.ParentRunner.run(ParentRunner.java:363)
	at org.springframework.test.context.junit4.SpringJUnit4ClassRunner.run(SpringJUnit4ClassRunner.java:191)
	at org.apache.maven.surefire.junit4.JUnit4Provider.execute(JUnit4Provider.java:283)
	at org.apache.maven.surefire.junit4.JUnit4Provider.executeWithRerun(JUnit4Provider.java:173)
	at org.apache.maven.surefire.junit4.JUnit4Provider.executeTestSet(JUnit4Provider.java:153)
	at org.apache.maven.surefire.junit4.JUnit4Provider.invoke(JUnit4Provider.java:128)
	at org.apache.maven.surefire.booter.ForkedBooter.invokeProviderInSameClassLoader(ForkedBooter.java:203)
	at org.apache.maven.surefire.booter.ForkedBooter.runSuitesInProcess(ForkedBooter.java:155)
	at org.apache.maven.surefire.booter.ForkedBooter.main(ForkedBooter.java:103)
Caused by: java.lang.ClassNotFoundException: javax.servlet.SessionCookieConfig
	at java.net.URLClassLoader.findClass(URLClassLoader.java:381)
	at java.lang.ClassLoader.loadClass(ClassLoader.java:424)
	at sun.misc.Launcher$AppClassLoader.loadClass(Launcher.java:349)
	at java.lang.ClassLoader.loadClass(ClassLoader.java:357)
	... 31 common frames omitted
]]></system-out>
  </testcase>
</testsuite>